2023-05-29 18:48:37,537 [Worker-8: Loading available Gradle versions] INFO  o.e.b.c.i.u.g.PublishedGradleVersions - Gradle version information cache is up-to-date. Trying to read.
2023-05-29 18:49:03,353 [Worker-28: Building] INFO  o.e.m.c.i.l.LifecycleMappingFactory - Using org.eclipse.m2e.jdt.JarLifecycleMapping lifecycle mapping for MavenProject: arso:restaurantes:0.0.1-SNAPSHOT @ C:\Users\guill\Desktop\Prueba\proyecto-arso-main\restaurantes\pom.xml.
2023-05-29 18:49:04,611 [Worker-28: Building] INFO  o.e.m.c.i.embedder.EclipseLogger - Using 'UTF-8' encoding to copy filtered resources.
2023-05-29 18:49:04,614 [Worker-28: Building] INFO  o.e.m.c.i.embedder.EclipseLogger - Copying 2 resources
2023-05-29 18:49:04,622 [Worker-28: Building] INFO  o.e.m.c.i.embedder.EclipseLogger - Using 'UTF-8' encoding to copy filtered resources.
2023-05-29 18:49:04,623 [Worker-28: Building] INFO  o.e.m.c.i.embedder.EclipseLogger - skip non existing resourceDirectory C:\Users\guill\Desktop\Prueba\proyecto-arso-main\restaurantes\src\test\resources
2023-05-29 18:49:06,095 [Worker-5: Building] INFO  o.e.m.c.i.embedder.EclipseLogger - Using 'UTF-8' encoding to copy filtered resources.
2023-05-29 18:49:06,099 [Worker-5: Building] INFO  o.e.m.c.i.embedder.EclipseLogger - Copying 2 resources
2023-05-29 18:49:06,104 [Worker-5: Building] INFO  o.e.m.c.i.embedder.EclipseLogger - Using 'UTF-8' encoding to copy filtered resources.
2023-05-29 18:49:06,104 [Worker-5: Building] INFO  o.e.m.c.i.embedder.EclipseLogger - skip non existing resourceDirectory C:\Users\guill\Desktop\Prueba\proyecto-arso-main\restaurantes\src\test\resources
2023-05-29 18:49:24,712 [Worker-25: Building] INFO  o.e.m.c.i.embedder.EclipseLogger - Using 'UTF-8' encoding to copy filtered resources.
2023-05-29 18:49:24,713 [Worker-25: Building] INFO  o.e.m.c.i.embedder.EclipseLogger - Copying 2 resources
2023-05-29 18:49:24,715 [Worker-25: Building] INFO  o.e.m.c.i.embedder.EclipseLogger - Using 'UTF-8' encoding to copy filtered resources.
2023-05-29 18:49:24,715 [Worker-25: Building] INFO  o.e.m.c.i.embedder.EclipseLogger - skip non existing resourceDirectory C:\Users\guill\Desktop\Prueba\proyecto-arso-main\restaurantes\src\test\resources
2023-05-29 18:53:28,327 [Worker-7: Loading available Gradle versions] INFO  o.e.b.c.i.u.g.PublishedGradleVersions - Gradle version information cache is up-to-date. Trying to read.
2023-05-29 18:54:30,464 [Worker-3: Building] INFO  o.e.m.c.i.l.LifecycleMappingFactory - Using org.eclipse.m2e.jdt.JarLifecycleMapping lifecycle mapping for MavenProject: arso:pasarela-zuul:0.0.1-SNAPSHOT @ C:\Users\guill\Desktop\Prueba\proyecto-arso-main\pasarela\pom.xml.
2023-05-29 18:54:32,243 [Worker-3: Building] INFO  o.e.m.c.i.embedder.EclipseLogger - Using 'UTF-8' encoding to copy filtered resources.
2023-05-29 18:54:32,245 [Worker-3: Building] INFO  o.e.m.c.i.embedder.EclipseLogger - Copying 1 resource
2023-05-29 18:54:32,253 [Worker-3: Building] INFO  o.e.m.c.i.embedder.EclipseLogger - Copying 0 resource
2023-05-29 18:54:32,255 [Worker-3: Building] INFO  o.e.m.c.i.embedder.EclipseLogger - Using 'UTF-8' encoding to copy filtered resources.
2023-05-29 18:54:32,255 [Worker-3: Building] INFO  o.e.m.c.i.embedder.EclipseLogger - skip non existing resourceDirectory C:\Users\guill\Desktop\Prueba\proyecto-arso-main\pasarela\src\test\resources
2023-05-29 18:54:33,389 [Worker-29: Building] INFO  o.e.m.c.i.embedder.EclipseLogger - Using 'UTF-8' encoding to copy filtered resources.
2023-05-29 18:54:33,391 [Worker-29: Building] INFO  o.e.m.c.i.embedder.EclipseLogger - Copying 1 resource
2023-05-29 18:54:33,392 [Worker-29: Building] INFO  o.e.m.c.i.embedder.EclipseLogger - Copying 0 resource
2023-05-29 18:54:33,395 [Worker-29: Building] INFO  o.e.m.c.i.embedder.EclipseLogger - Using 'UTF-8' encoding to copy filtered resources.
2023-05-29 18:54:33,395 [Worker-29: Building] INFO  o.e.m.c.i.embedder.EclipseLogger - skip non existing resourceDirectory C:\Users\guill\Desktop\Prueba\proyecto-arso-main\pasarela\src\test\resources
2023-05-29 18:54:48,385 [Worker-9: Building] INFO  o.e.m.c.i.l.LifecycleMappingFactory - Using org.eclipse.m2e.jdt.JarLifecycleMapping lifecycle mapping for MavenProject: arso22:cliente:0.0.1-SNAPSHOT @ C:\Users\guill\Desktop\Prueba\proyecto-arso-main\restaurantes-rest-cliente\pom.xml.
2023-05-29 18:54:48,909 [Worker-9: Building] INFO  o.e.m.c.i.embedder.EclipseLogger - Using 'UTF-8' encoding to copy filtered resources.
2023-05-29 18:54:48,909 [Worker-9: Building] INFO  o.e.m.c.i.embedder.EclipseLogger - skip non existing resourceDirectory C:\Users\guill\Desktop\Prueba\proyecto-arso-main\restaurantes-rest-cliente\src\main\resources
2023-05-29 18:54:48,911 [Worker-9: Building] INFO  o.e.m.c.i.embedder.EclipseLogger - Using 'UTF-8' encoding to copy filtered resources.
2023-05-29 18:54:48,911 [Worker-9: Building] INFO  o.e.m.c.i.embedder.EclipseLogger - skip non existing resourceDirectory C:\Users\guill\Desktop\Prueba\proyecto-arso-main\restaurantes-rest-cliente\src\test\resources
2023-05-29 18:54:50,011 [Worker-24: Building] INFO  o.e.m.c.i.embedder.EclipseLogger - Using 'UTF-8' encoding to copy filtered resources.
2023-05-29 18:54:50,011 [Worker-24: Building] INFO  o.e.m.c.i.embedder.EclipseLogger - skip non existing resourceDirectory C:\Users\guill\Desktop\Prueba\proyecto-arso-main\restaurantes-rest-cliente\src\main\resources
2023-05-29 18:54:50,013 [Worker-24: Building] INFO  o.e.m.c.i.embedder.EclipseLogger - Using 'UTF-8' encoding to copy filtered resources.
2023-05-29 18:54:50,013 [Worker-24: Building] INFO  o.e.m.c.i.embedder.EclipseLogger - skip non existing resourceDirectory C:\Users\guill\Desktop\Prueba\proyecto-arso-main\restaurantes-rest-cliente\src\test\resources
2023-05-29 18:56:08,934 [Worker-30: Building] INFO  o.e.m.c.i.l.LifecycleMappingFactory - Using org.eclipse.m2e.jdt.JarLifecycleMapping lifecycle mapping for MavenProject: arso:restaurantes-rest:0.0.1-SNAPSHOT @ C:\Users\guill\Desktop\Prueba\proyecto-arso-main\restaurantes-rest\pom.xml.
2023-05-29 18:56:09,231 [Worker-30: Building] INFO  o.e.m.c.i.embedder.EclipseLogger - Using 'UTF-8' encoding to copy filtered resources.
2023-05-29 18:56:09,231 [Worker-30: Building] INFO  o.e.m.c.i.embedder.EclipseLogger - skip non existing resourceDirectory C:\Users\guill\Desktop\Prueba\proyecto-arso-main\restaurantes-rest\src\main\resources
2023-05-29 18:56:09,234 [Worker-30: Building] INFO  o.e.m.c.i.embedder.EclipseLogger - Using 'UTF-8' encoding to copy filtered resources.
2023-05-29 18:56:09,234 [Worker-30: Building] INFO  o.e.m.c.i.embedder.EclipseLogger - skip non existing resourceDirectory C:\Users\guill\Desktop\Prueba\proyecto-arso-main\restaurantes-rest\src\test\resources
2023-05-29 18:56:09,492 [Worker-34: Building] INFO  o.e.m.c.i.embedder.EclipseLogger - Using 'UTF-8' encoding to copy filtered resources.
2023-05-29 18:56:09,493 [Worker-34: Building] INFO  o.e.m.c.i.embedder.EclipseLogger - skip non existing resourceDirectory C:\Users\guill\Desktop\Prueba\proyecto-arso-main\restaurantes-rest\src\main\resources
2023-05-29 18:56:09,494 [Worker-34: Building] INFO  o.e.m.c.i.embedder.EclipseLogger - Using 'UTF-8' encoding to copy filtered resources.
2023-05-29 18:56:09,494 [Worker-34: Building] INFO  o.e.m.c.i.embedder.EclipseLogger - skip non existing resourceDirectory C:\Users\guill\Desktop\Prueba\proyecto-arso-main\restaurantes-rest\src\test\resources
2023-05-29 18:56:10,582 [Worker-33: Building] INFO  o.e.m.c.i.embedder.EclipseLogger - Using 'UTF-8' encoding to copy filtered resources.
2023-05-29 18:56:10,582 [Worker-33: Building] INFO  o.e.m.c.i.embedder.EclipseLogger - skip non existing resourceDirectory C:\Users\guill\Desktop\Prueba\proyecto-arso-main\restaurantes-rest\src\main\resources
2023-05-29 18:56:10,584 [Worker-33: Building] INFO  o.e.m.c.i.embedder.EclipseLogger - Using 'UTF-8' encoding to copy filtered resources.
2023-05-29 18:56:10,584 [Worker-33: Building] INFO  o.e.m.c.i.embedder.EclipseLogger - skip non existing resourceDirectory C:\Users\guill\Desktop\Prueba\proyecto-arso-main\restaurantes-rest\src\test\resources
2023-05-29 18:56:21,947 [Worker-14: Building] INFO  o.e.m.c.i.l.LifecycleMappingFactory - Using org.eclipse.m2e.jdt.JarLifecycleMapping lifecycle mapping for MavenProject: arso:restaurantes:0.0.1-SNAPSHOT @ C:\Users\guill\Desktop\Prueba\proyecto-arso-main\restaurantes\pom.xml.
2023-05-29 18:56:22,028 [Worker-14: Building] INFO  o.e.m.c.i.l.LifecycleMappingFactory - Using org.eclipse.m2e.jdt.JarLifecycleMapping lifecycle mapping for MavenProject: arso22:cliente:0.0.1-SNAPSHOT @ C:\Users\guill\Desktop\Prueba\proyecto-arso-main\restaurantes-rest-cliente\pom.xml.
2023-05-29 18:56:22,075 [Worker-14: Building] INFO  o.e.m.c.i.p.WorkspaceClassifierResolverManager - Resolving P/restaurantes: arso:restaurantes:0.0.1-SNAPSHOT with classifier  to /restaurantes/target/classes
2023-05-29 18:56:22,107 [Worker-14: Building] INFO  o.e.m.c.i.l.LifecycleMappingFactory - Using org.eclipse.m2e.jdt.JarLifecycleMapping lifecycle mapping for MavenProject: arso:restaurantes-rest:0.0.1-SNAPSHOT @ C:\Users\guill\Desktop\Prueba\proyecto-arso-main\restaurantes-rest\pom.xml.
2023-05-29 18:56:22,131 [Worker-14: Building] INFO  o.e.m.c.i.p.WorkspaceClassifierResolverManager - Resolving P/restaurantes: arso:restaurantes:0.0.1-SNAPSHOT with classifier  to /restaurantes/target/classes
2023-05-29 18:56:22,324 [Worker-14: Building] INFO  o.e.m.c.i.embedder.EclipseLogger - Using 'UTF-8' encoding to copy filtered resources.
2023-05-29 18:56:22,324 [Worker-14: Building] INFO  o.e.m.c.i.embedder.EclipseLogger - Copying 0 resource
2023-05-29 18:56:22,326 [Worker-14: Building] INFO  o.e.m.c.i.embedder.EclipseLogger - Using 'UTF-8' encoding to copy filtered resources.
2023-05-29 18:56:22,326 [Worker-14: Building] INFO  o.e.m.c.i.embedder.EclipseLogger - skip non existing resourceDirectory C:\Users\guill\Desktop\Prueba\proyecto-arso-main\restaurantes\src\test\resources
2023-05-29 18:56:22,756 [Worker-3: Building] INFO  o.e.m.c.i.embedder.EclipseLogger - Using 'UTF-8' encoding to copy filtered resources.
2023-05-29 18:56:22,758 [Worker-3: Building] INFO  o.e.m.c.i.embedder.EclipseLogger - Copying 2 resources
2023-05-29 18:56:22,767 [Worker-3: Building] INFO  o.e.m.c.i.embedder.EclipseLogger - Using 'UTF-8' encoding to copy filtered resources.
2023-05-29 18:56:22,767 [Worker-3: Building] INFO  o.e.m.c.i.embedder.EclipseLogger - skip non existing resourceDirectory C:\Users\guill\Desktop\Prueba\proyecto-arso-main\restaurantes\src\test\resources
2023-05-29 18:56:22,870 [Worker-3: Building] INFO  o.e.m.c.i.embedder.EclipseLogger - Using 'UTF-8' encoding to copy filtered resources.
2023-05-29 18:56:22,871 [Worker-3: Building] INFO  o.e.m.c.i.embedder.EclipseLogger - skip non existing resourceDirectory C:\Users\guill\Desktop\Prueba\proyecto-arso-main\restaurantes-rest\src\main\resources
2023-05-29 18:56:22,873 [Worker-3: Building] INFO  o.e.m.c.i.embedder.EclipseLogger - Using 'UTF-8' encoding to copy filtered resources.
2023-05-29 18:56:22,873 [Worker-3: Building] INFO  o.e.m.c.i.embedder.EclipseLogger - skip non existing resourceDirectory C:\Users\guill\Desktop\Prueba\proyecto-arso-main\restaurantes-rest\src\test\resources
2023-05-29 18:56:22,939 [Worker-3: Building] INFO  o.e.m.c.i.embedder.EclipseLogger - Using 'UTF-8' encoding to copy filtered resources.
2023-05-29 18:56:22,939 [Worker-3: Building] INFO  o.e.m.c.i.embedder.EclipseLogger - skip non existing resourceDirectory C:\Users\guill\Desktop\Prueba\proyecto-arso-main\restaurantes-rest-cliente\src\main\resources
2023-05-29 18:56:22,941 [Worker-3: Building] INFO  o.e.m.c.i.embedder.EclipseLogger - Using 'UTF-8' encoding to copy filtered resources.
2023-05-29 18:56:22,941 [Worker-3: Building] INFO  o.e.m.c.i.embedder.EclipseLogger - skip non existing resourceDirectory C:\Users\guill\Desktop\Prueba\proyecto-arso-main\restaurantes-rest-cliente\src\test\resources
2023-05-29 18:56:24,105 [Worker-29: Building] INFO  o.e.m.c.i.embedder.EclipseLogger - Using 'UTF-8' encoding to copy filtered resources.
2023-05-29 18:56:24,105 [Worker-29: Building] INFO  o.e.m.c.i.embedder.EclipseLogger - Copying 2 resources
2023-05-29 18:56:24,110 [Worker-29: Building] INFO  o.e.m.c.i.embedder.EclipseLogger - Using 'UTF-8' encoding to copy filtered resources.
2023-05-29 18:56:24,110 [Worker-29: Building] INFO  o.e.m.c.i.embedder.EclipseLogger - skip non existing resourceDirectory C:\Users\guill\Desktop\Prueba\proyecto-arso-main\restaurantes\src\test\resources
2023-05-29 18:56:27,691 [Worker-35: Launching Programa] INFO  o.e.m.c.i.p.WorkspaceClassifierResolverManager - Resolving P/restaurantes: arso:restaurantes:0.0.1-SNAPSHOT with classifier null to /restaurantes/target/classes
2023-05-29 18:56:27,742 [Worker-35: Launching Programa] INFO  o.e.m.c.i.p.WorkspaceClassifierResolverManager - Resolving P/restaurantes: arso:restaurantes:0.0.1-SNAPSHOT with classifier null to /restaurantes/target/classes
2023-05-29 18:56:27,794 [Worker-35: Launching Programa] INFO  o.e.m.c.i.p.WorkspaceClassifierResolverManager - Resolving P/restaurantes: arso:restaurantes:0.0.1-SNAPSHOT with classifier null to /restaurantes/target/classes
2023-05-29 18:57:07,916 [Worker-1: Building] INFO  o.e.m.c.i.embedder.EclipseLogger - Using 'UTF-8' encoding to copy filtered resources.
2023-05-29 18:57:07,916 [Worker-1: Building] INFO  o.e.m.c.i.embedder.EclipseLogger - skip non existing resourceDirectory C:\Users\guill\Desktop\Prueba\proyecto-arso-main\restaurantes-rest-cliente\src\main\resources
2023-05-29 18:57:07,917 [Worker-1: Building] INFO  o.e.m.c.i.embedder.EclipseLogger - Using 'UTF-8' encoding to copy filtered resources.
2023-05-29 18:57:07,917 [Worker-1: Building] INFO  o.e.m.c.i.embedder.EclipseLogger - skip non existing resourceDirectory C:\Users\guill\Desktop\Prueba\proyecto-arso-main\restaurantes-rest-cliente\src\test\resources
2023-05-29 18:58:39,891 [Worker-29: Building] INFO  o.e.m.c.i.embedder.EclipseLogger - Using 'UTF-8' encoding to copy filtered resources.
2023-05-29 18:58:39,891 [Worker-29: Building] INFO  o.e.m.c.i.embedder.EclipseLogger - skip non existing resourceDirectory C:\Users\guill\Desktop\Prueba\proyecto-arso-main\restaurantes-rest-cliente\src\main\resources
2023-05-29 18:58:39,892 [Worker-29: Building] INFO  o.e.m.c.i.embedder.EclipseLogger - Using 'UTF-8' encoding to copy filtered resources.
2023-05-29 18:58:39,892 [Worker-29: Building] INFO  o.e.m.c.i.embedder.EclipseLogger - skip non existing resourceDirectory C:\Users\guill\Desktop\Prueba\proyecto-arso-main\restaurantes-rest-cliente\src\test\resources
2023-05-29 18:58:41,638 [Worker-10: Launching Programa] INFO  o.e.m.c.i.p.WorkspaceClassifierResolverManager - Resolving P/restaurantes: arso:restaurantes:0.0.1-SNAPSHOT with classifier null to /restaurantes/target/classes
2023-05-29 18:58:41,688 [Worker-10: Launching Programa] INFO  o.e.m.c.i.p.WorkspaceClassifierResolverManager - Resolving P/restaurantes: arso:restaurantes:0.0.1-SNAPSHOT with classifier null to /restaurantes/target/classes
2023-05-29 18:58:41,739 [Worker-10: Launching Programa] INFO  o.e.m.c.i.p.WorkspaceClassifierResolverManager - Resolving P/restaurantes: arso:restaurantes:0.0.1-SNAPSHOT with classifier null to /restaurantes/target/classes
2023-05-29 18:59:07,380 [Worker-4: Loading available Gradle versions] INFO  o.e.b.c.i.u.g.PublishedGradleVersions - Gradle version information cache is up-to-date. Trying to read.
2023-05-29 18:59:18,688 [Worker-0: Launching Programa] INFO  o.e.m.c.i.p.WorkspaceClassifierResolverManager - Resolving P/restaurantes: arso:restaurantes:0.0.1-SNAPSHOT with classifier  to /restaurantes/target/classes
2023-05-29 18:59:18,795 [Worker-0: Launching Programa] INFO  o.e.m.c.i.p.WorkspaceClassifierResolverManager - Resolving P/restaurantes: arso:restaurantes:0.0.1-SNAPSHOT with classifier null to /restaurantes/target/classes
2023-05-29 18:59:18,858 [Worker-0: Launching Programa] INFO  o.e.m.c.i.p.WorkspaceClassifierResolverManager - Resolving P/restaurantes: arso:restaurantes:0.0.1-SNAPSHOT with classifier null to /restaurantes/target/classes
2023-05-29 18:59:18,917 [Worker-0: Launching Programa] INFO  o.e.m.c.i.p.WorkspaceClassifierResolverManager - Resolving P/restaurantes: arso:restaurantes:0.0.1-SNAPSHOT with classifier null to /restaurantes/target/classes
2023-05-29 19:03:52,792 [Worker-42: Building] INFO  o.e.m.c.i.embedder.EclipseLogger - Using 'UTF-8' encoding to copy filtered resources.
2023-05-29 19:03:52,792 [Worker-42: Building] INFO  o.e.m.c.i.embedder.EclipseLogger - skip non existing resourceDirectory C:\Users\guill\Desktop\Prueba\proyecto-arso-main\restaurantes-rest-cliente\src\main\resources
2023-05-29 19:03:52,795 [Worker-42: Building] INFO  o.e.m.c.i.embedder.EclipseLogger - Using 'UTF-8' encoding to copy filtered resources.
2023-05-29 19:03:52,795 [Worker-42: Building] INFO  o.e.m.c.i.embedder.EclipseLogger - skip non existing resourceDirectory C:\Users\guill\Desktop\Prueba\proyecto-arso-main\restaurantes-rest-cliente\src\test\resources
2023-05-29 19:03:53,715 [Worker-43: Launching Programa] INFO  o.e.m.c.i.p.WorkspaceClassifierResolverManager - Resolving P/restaurantes: arso:restaurantes:0.0.1-SNAPSHOT with classifier null to /restaurantes/target/classes
2023-05-29 19:03:53,774 [Worker-43: Launching Programa] INFO  o.e.m.c.i.p.WorkspaceClassifierResolverManager - Resolving P/restaurantes: arso:restaurantes:0.0.1-SNAPSHOT with classifier null to /restaurantes/target/classes
2023-05-29 19:03:53,828 [Worker-43: Launching Programa] INFO  o.e.m.c.i.p.WorkspaceClassifierResolverManager - Resolving P/restaurantes: arso:restaurantes:0.0.1-SNAPSHOT with classifier null to /restaurantes/target/classes
2023-05-30 12:13:42,641 [Worker-6: Loading available Gradle versions] INFO  o.e.b.c.i.u.g.PublishedGradleVersions - Gradle version information cache is up-to-date. Trying to read.
2023-05-30 12:14:05,140 [Worker-8: Building] INFO  o.e.m.c.i.l.LifecycleMappingFactory - Using org.eclipse.m2e.jdt.JarLifecycleMapping lifecycle mapping for MavenProject: arso:opiniones-graphql:0.0.1-SNAPSHOT @ C:\Users\guill\Desktop\Prueba\proyecto-arso-main\opiniones-graphql\pom.xml.
2023-05-30 12:14:06,914 [Worker-10: Download sources and javadoc] ERROR o.e.m.j.internal.DownloadSourcesJob - Could not download sources for arso:opiniones:0.0.1-SNAPSHOT
org.eclipse.core.runtime.CoreException: Could not resolve artifact arso:opiniones:jar:sources:0.0.1-SNAPSHOT
	at org.eclipse.m2e.core.internal.embedder.MavenImpl.lambda$6(MavenImpl.java:587)
	at org.eclipse.m2e.core.internal.embedder.MavenExecutionContext.executeBare(MavenExecutionContext.java:364)
	at org.eclipse.m2e.core.internal.embedder.MavenExecutionContext.execute(MavenExecutionContext.java:227)
	at org.eclipse.m2e.core.internal.embedder.MavenExecutionContext.execute(MavenExecutionContext.java:213)
	at org.eclipse.m2e.core.internal.embedder.MavenImpl.resolve(MavenImpl.java:556)
	at org.eclipse.m2e.core.internal.embedder.MavenImpl.resolve(MavenImpl.java:541)
	at org.eclipse.m2e.jdt.internal.DownloadSourcesJob.download(DownloadSourcesJob.java:308)
	at org.eclipse.m2e.jdt.internal.DownloadSourcesJob.downloadAttachments(DownloadSourcesJob.java:282)
	at org.eclipse.m2e.jdt.internal.DownloadSourcesJob.downloadMaven(DownloadSourcesJob.java:252)
	at org.eclipse.m2e.jdt.internal.DownloadSourcesJob.downloadFilesAndPopulateToUpdate(DownloadSourcesJob.java:220)
	at org.eclipse.m2e.jdt.internal.DownloadSourcesJob.lambda$0(DownloadSourcesJob.java:149)
	at org.eclipse.m2e.core.internal.embedder.MavenExecutionContext.executeBare(MavenExecutionContext.java:364)
	at org.eclipse.m2e.core.internal.embedder.MavenExecutionContext.execute(MavenExecutionContext.java:274)
	at org.eclipse.m2e.core.internal.embedder.MavenExecutionContext.execute(MavenExecutionContext.java:213)
	at org.eclipse.m2e.core.embedder.IMaven.execute(IMaven.java:294)
	at org.eclipse.m2e.jdt.internal.DownloadSourcesJob.run(DownloadSourcesJob.java:149)
	at org.eclipse.core.internal.jobs.Worker.run(Worker.java:63)
2023-05-30 12:14:07,087 [Worker-8: Building] INFO  o.e.m.c.i.embedder.EclipseLogger - Using 'UTF-8' encoding to copy filtered resources.
2023-05-30 12:14:07,090 [Worker-8: Building] INFO  o.e.m.c.i.embedder.EclipseLogger - Copying 1 resource
2023-05-30 12:14:07,100 [Worker-8: Building] INFO  o.e.m.c.i.embedder.EclipseLogger - Using 'UTF-8' encoding to copy filtered resources.
2023-05-30 12:14:07,101 [Worker-8: Building] INFO  o.e.m.c.i.embedder.EclipseLogger - skip non existing resourceDirectory C:\Users\guill\Desktop\Prueba\proyecto-arso-main\opiniones-graphql\src\test\resources
2023-05-30 12:14:08,152 [Worker-10: Building] INFO  o.e.m.c.i.embedder.EclipseLogger - Using 'UTF-8' encoding to copy filtered resources.
2023-05-30 12:14:08,154 [Worker-10: Building] INFO  o.e.m.c.i.embedder.EclipseLogger - Copying 1 resource
2023-05-30 12:14:08,156 [Worker-10: Building] INFO  o.e.m.c.i.embedder.EclipseLogger - Using 'UTF-8' encoding to copy filtered resources.
2023-05-30 12:14:08,157 [Worker-10: Building] INFO  o.e.m.c.i.embedder.EclipseLogger - skip non existing resourceDirectory C:\Users\guill\Desktop\Prueba\proyecto-arso-main\opiniones-graphql\src\test\resources
2023-05-30 12:14:17,539 [Worker-1: Building] INFO  o.e.m.c.i.l.LifecycleMappingFactory - Using org.eclipse.m2e.jdt.JarLifecycleMapping lifecycle mapping for MavenProject: arso:opiniones:0.0.1-SNAPSHOT @ C:\Users\guill\Desktop\Prueba\proyecto-arso-main\opiniones\pom.xml.
2023-05-30 12:14:17,682 [Worker-1: Building] INFO  o.e.m.c.i.l.LifecycleMappingFactory - Using org.eclipse.m2e.jdt.JarLifecycleMapping lifecycle mapping for MavenProject: arso:opiniones-graphql:0.0.1-SNAPSHOT @ C:\Users\guill\Desktop\Prueba\proyecto-arso-main\opiniones-graphql\pom.xml.
2023-05-30 12:14:17,717 [Worker-1: Building] INFO  o.e.m.c.i.p.WorkspaceClassifierResolverManager - Resolving P/opiniones: arso:opiniones:0.0.1-SNAPSHOT with classifier  to /opiniones/target/classes
2023-05-30 12:14:18,124 [Worker-1: Building] INFO  o.e.m.c.i.embedder.EclipseLogger - Using 'UTF-8' encoding to copy filtered resources.
2023-05-30 12:14:18,125 [Worker-1: Building] INFO  o.e.m.c.i.embedder.EclipseLogger - Copying 0 resource
2023-05-30 12:14:18,126 [Worker-1: Building] INFO  o.e.m.c.i.embedder.EclipseLogger - Using 'UTF-8' encoding to copy filtered resources.
2023-05-30 12:14:18,126 [Worker-1: Building] INFO  o.e.m.c.i.embedder.EclipseLogger - skip non existing resourceDirectory C:\Users\guill\Desktop\Prueba\proyecto-arso-main\opiniones\src\test\resources
2023-05-30 12:14:18,465 [Worker-2: Building] INFO  o.e.m.c.i.embedder.EclipseLogger - Using 'UTF-8' encoding to copy filtered resources.
2023-05-30 12:14:18,465 [Worker-2: Building] INFO  o.e.m.c.i.embedder.EclipseLogger - Copying 2 resources
2023-05-30 12:14:18,476 [Worker-2: Building] INFO  o.e.m.c.i.embedder.EclipseLogger - Using 'UTF-8' encoding to copy filtered resources.
2023-05-30 12:14:18,476 [Worker-2: Building] INFO  o.e.m.c.i.embedder.EclipseLogger - skip non existing resourceDirectory C:\Users\guill\Desktop\Prueba\proyecto-arso-main\opiniones\src\test\resources
2023-05-30 12:14:18,509 [Worker-2: Building] INFO  o.e.m.c.i.embedder.EclipseLogger - Using 'UTF-8' encoding to copy filtered resources.
2023-05-30 12:14:18,510 [Worker-2: Building] INFO  o.e.m.c.i.embedder.EclipseLogger - Copying 1 resource
2023-05-30 12:14:18,512 [Worker-2: Building] INFO  o.e.m.c.i.embedder.EclipseLogger - Using 'UTF-8' encoding to copy filtered resources.
2023-05-30 12:14:18,512 [Worker-2: Building] INFO  o.e.m.c.i.embedder.EclipseLogger - skip non existing resourceDirectory C:\Users\guill\Desktop\Prueba\proyecto-arso-main\opiniones-graphql\src\test\resources
2023-05-30 12:14:19,592 [Worker-35: Building] INFO  o.e.m.c.i.embedder.EclipseLogger - Using 'UTF-8' encoding to copy filtered resources.
2023-05-30 12:14:19,593 [Worker-35: Building] INFO  o.e.m.c.i.embedder.EclipseLogger - Copying 2 resources
2023-05-30 12:14:19,598 [Worker-35: Building] INFO  o.e.m.c.i.embedder.EclipseLogger - Using 'UTF-8' encoding to copy filtered resources.
2023-05-30 12:14:19,598 [Worker-35: Building] INFO  o.e.m.c.i.embedder.EclipseLogger - skip non existing resourceDirectory C:\Users\guill\Desktop\Prueba\proyecto-arso-main\opiniones\src\test\resources
2023-05-30 12:14:50,794 [Worker-18: Launching Executing install in C__Users_guill_Desktop_Prueba_proyecto-arso-main_opiniones] INFO  o.eclipse.m2e.core.internal.Bundles - getClasspathEntries(Bundle=org.eclipse.m2e.maven.runtime_3.8.604.20221130-2149 [269])
2023-05-30 12:14:50,802 [Worker-18: Launching Executing install in C__Users_guill_Desktop_Prueba_proyecto-arso-main_opiniones] INFO  o.eclipse.m2e.core.internal.Bundles - 	Entry: C:\Users\guill\.p2\pool\plugins\org.eclipse.m2e.maven.runtime_3.8.604.20221130-2149
2023-05-30 12:14:50,802 [Worker-18: Launching Executing install in C__Users_guill_Desktop_Prueba_proyecto-arso-main_opiniones] INFO  o.eclipse.m2e.core.internal.Bundles - 	Entry: C:\Users\guill\.p2\pool\plugins\org.eclipse.m2e.maven.runtime_3.8.604.20221130-2149\jars\aether-connector-okhttp-0.17.8.jar
2023-05-30 12:14:50,802 [Worker-18: Launching Executing install in C__Users_guill_Desktop_Prueba_proyecto-arso-main_opiniones] INFO  o.eclipse.m2e.core.internal.Bundles - 	Entry: C:\Users\guill\.p2\pool\plugins\org.eclipse.m2e.maven.runtime_3.8.604.20221130-2149\jars\commons-cli-1.4.jar
2023-05-30 12:14:50,802 [Worker-18: Launching Executing install in C__Users_guill_Desktop_Prueba_proyecto-arso-main_opiniones] INFO  o.eclipse.m2e.core.internal.Bundles - 	Entry: C:\Users\guill\.p2\pool\plugins\org.eclipse.m2e.maven.runtime_3.8.604.20221130-2149\jars\commons-io-2.6.jar
2023-05-30 12:14:50,802 [Worker-18: Launching Executing install in C__Users_guill_Desktop_Prueba_proyecto-arso-main_opiniones] INFO  o.eclipse.m2e.core.internal.Bundles - 	Entry: C:\Users\guill\.p2\pool\plugins\org.eclipse.m2e.maven.runtime_3.8.604.20221130-2149\jars\commons-lang3-3.8.1.jar
2023-05-30 12:14:50,802 [Worker-18: Launching Executing install in C__Users_guill_Desktop_Prueba_proyecto-arso-main_opiniones] INFO  o.eclipse.m2e.core.internal.Bundles - 	Entry: C:\Users\guill\.p2\pool\plugins\org.eclipse.m2e.maven.runtime_3.8.604.20221130-2149\jars\guice-4.2.2-no_aop.jar
2023-05-30 12:14:50,803 [Worker-18: Launching Executing install in C__Users_guill_Desktop_Prueba_proyecto-arso-main_opiniones] INFO  o.eclipse.m2e.core.internal.Bundles - 	Entry: C:\Users\guill\.p2\pool\plugins\org.eclipse.m2e.maven.runtime_3.8.604.20221130-2149\jars\jansi-2.4.0.jar
2023-05-30 12:14:50,803 [Worker-18: Launching Executing install in C__Users_guill_Desktop_Prueba_proyecto-arso-main_opiniones] INFO  o.eclipse.m2e.core.internal.Bundles - 	Entry: C:\Users\guill\.p2\pool\plugins\org.eclipse.m2e.maven.runtime_3.8.604.20221130-2149\jars\maven-artifact-3.8.6.jar
2023-05-30 12:14:50,803 [Worker-18: Launching Executing install in C__Users_guill_Desktop_Prueba_proyecto-arso-main_opiniones] INFO  o.eclipse.m2e.core.internal.Bundles - 	Entry: C:\Users\guill\.p2\pool\plugins\org.eclipse.m2e.maven.runtime_3.8.604.20221130-2149\jars\maven-builder-support-3.8.6.jar
2023-05-30 12:14:50,803 [Worker-18: Launching Executing install in C__Users_guill_Desktop_Prueba_proyecto-arso-main_opiniones] INFO  o.eclipse.m2e.core.internal.Bundles - 	Entry: C:\Users\guill\.p2\pool\plugins\org.eclipse.m2e.maven.runtime_3.8.604.20221130-2149\jars\maven-compat-3.8.6.jar
2023-05-30 12:14:50,803 [Worker-18: Launching Executing install in C__Users_guill_Desktop_Prueba_proyecto-arso-main_opiniones] INFO  o.eclipse.m2e.core.internal.Bundles - 	Entry: C:\Users\guill\.p2\pool\plugins\org.eclipse.m2e.maven.runtime_3.8.604.20221130-2149\jars\maven-core-3.8.6.jar
2023-05-30 12:14:50,803 [Worker-18: Launching Executing install in C__Users_guill_Desktop_Prueba_proyecto-arso-main_opiniones] INFO  o.eclipse.m2e.core.internal.Bundles - 	Entry: C:\Users\guill\.p2\pool\plugins\org.eclipse.m2e.maven.runtime_3.8.604.20221130-2149\jars\maven-embedder-3.8.6.jar
2023-05-30 12:14:50,803 [Worker-18: Launching Executing install in C__Users_guill_Desktop_Prueba_proyecto-arso-main_opiniones] INFO  o.eclipse.m2e.core.internal.Bundles - 	Entry: C:\Users\guill\.p2\pool\plugins\org.eclipse.m2e.maven.runtime_3.8.604.20221130-2149\jars\maven-model-3.8.6.jar
2023-05-30 12:14:50,803 [Worker-18: Launching Executing install in C__Users_guill_Desktop_Prueba_proyecto-arso-main_opiniones] INFO  o.eclipse.m2e.core.internal.Bundles - 	Entry: C:\Users\guill\.p2\pool\plugins\org.eclipse.m2e.maven.runtime_3.8.604.20221130-2149\jars\maven-model-builder-3.8.6.jar
2023-05-30 12:14:50,804 [Worker-18: Launching Executing install in C__Users_guill_Desktop_Prueba_proyecto-arso-main_opiniones] INFO  o.eclipse.m2e.core.internal.Bundles - 	Entry: C:\Users\guill\.p2\pool\plugins\org.eclipse.m2e.maven.runtime_3.8.604.20221130-2149\jars\maven-plugin-api-3.8.6.jar
2023-05-30 12:14:50,804 [Worker-18: Launching Executing install in C__Users_guill_Desktop_Prueba_proyecto-arso-main_opiniones] INFO  o.eclipse.m2e.core.internal.Bundles - 	Entry: C:\Users\guill\.p2\pool\plugins\org.eclipse.m2e.maven.runtime_3.8.604.20221130-2149\jars\maven-repository-metadata-3.8.6.jar
2023-05-30 12:14:50,804 [Worker-18: Launching Executing install in C__Users_guill_Desktop_Prueba_proyecto-arso-main_opiniones] INFO  o.eclipse.m2e.core.internal.Bundles - 	Entry: C:\Users\guill\.p2\pool\plugins\org.eclipse.m2e.maven.runtime_3.8.604.20221130-2149\jars\maven-resolver-api-1.6.3.jar
2023-05-30 12:14:50,804 [Worker-18: Launching Executing install in C__Users_guill_Desktop_Prueba_proyecto-arso-main_opiniones] INFO  o.eclipse.m2e.core.internal.Bundles - 	Entry: C:\Users\guill\.p2\pool\plugins\org.eclipse.m2e.maven.runtime_3.8.604.20221130-2149\jars\maven-resolver-connector-basic-1.6.3.jar
2023-05-30 12:14:50,804 [Worker-18: Launching Executing install in C__Users_guill_Desktop_Prueba_proyecto-arso-main_opiniones] INFO  o.eclipse.m2e.core.internal.Bundles - 	Entry: C:\Users\guill\.p2\pool\plugins\org.eclipse.m2e.maven.runtime_3.8.604.20221130-2149\jars\maven-resolver-impl-1.6.3.jar
2023-05-30 12:14:50,804 [Worker-18: Launching Executing install in C__Users_guill_Desktop_Prueba_proyecto-arso-main_opiniones] INFO  o.eclipse.m2e.core.internal.Bundles - 	Entry: C:\Users\guill\.p2\pool\plugins\org.eclipse.m2e.maven.runtime_3.8.604.20221130-2149\jars\maven-resolver-provider-3.8.6.jar
2023-05-30 12:14:50,804 [Worker-18: Launching Executing install in C__Users_guill_Desktop_Prueba_proyecto-arso-main_opiniones] INFO  o.eclipse.m2e.core.internal.Bundles - 	Entry: C:\Users\guill\.p2\pool\plugins\org.eclipse.m2e.maven.runtime_3.8.604.20221130-2149\jars\maven-resolver-spi-1.6.3.jar
2023-05-30 12:14:50,804 [Worker-18: Launching Executing install in C__Users_guill_Desktop_Prueba_proyecto-arso-main_opiniones] INFO  o.eclipse.m2e.core.internal.Bundles - 	Entry: C:\Users\guill\.p2\pool\plugins\org.eclipse.m2e.maven.runtime_3.8.604.20221130-2149\jars\maven-resolver-transport-wagon-1.6.3.jar
2023-05-30 12:14:50,804 [Worker-18: Launching Executing install in C__Users_guill_Desktop_Prueba_proyecto-arso-main_opiniones] INFO  o.eclipse.m2e.core.internal.Bundles - 	Entry: C:\Users\guill\.p2\pool\plugins\org.eclipse.m2e.maven.runtime_3.8.604.20221130-2149\jars\maven-resolver-util-1.6.3.jar
2023-05-30 12:14:50,805 [Worker-18: Launching Executing install in C__Users_guill_Desktop_Prueba_proyecto-arso-main_opiniones] INFO  o.eclipse.m2e.core.internal.Bundles - 	Entry: C:\Users\guill\.p2\pool\plugins\org.eclipse.m2e.maven.runtime_3.8.604.20221130-2149\jars\maven-settings-3.8.6.jar
2023-05-30 12:14:50,805 [Worker-18: Launching Executing install in C__Users_guill_Desktop_Prueba_proyecto-arso-main_opiniones] INFO  o.eclipse.m2e.core.internal.Bundles - 	Entry: C:\Users\guill\.p2\pool\plugins\org.eclipse.m2e.maven.runtime_3.8.604.20221130-2149\jars\maven-settings-builder-3.8.6.jar
2023-05-30 12:14:50,805 [Worker-18: Launching Executing install in C__Users_guill_Desktop_Prueba_proyecto-arso-main_opiniones] INFO  o.eclipse.m2e.core.internal.Bundles - 	Entry: C:\Users\guill\.p2\pool\plugins\org.eclipse.m2e.maven.runtime_3.8.604.20221130-2149\jars\maven-shared-utils-3.3.4.jar
2023-05-30 12:14:50,805 [Worker-18: Launching Executing install in C__Users_guill_Desktop_Prueba_proyecto-arso-main_opiniones] INFO  o.eclipse.m2e.core.internal.Bundles - 	Entry: C:\Users\guill\.p2\pool\plugins\org.eclipse.m2e.maven.runtime_3.8.604.20221130-2149\jars\okhttp-3.14.1.jar
2023-05-30 12:14:50,805 [Worker-18: Launching Executing install in C__Users_guill_Desktop_Prueba_proyecto-arso-main_opiniones] INFO  o.eclipse.m2e.core.internal.Bundles - 	Entry: C:\Users\guill\.p2\pool\plugins\org.eclipse.m2e.maven.runtime_3.8.604.20221130-2149\jars\okio-1.17.3.jar
2023-05-30 12:14:50,805 [Worker-18: Launching Executing install in C__Users_guill_Desktop_Prueba_proyecto-arso-main_opiniones] INFO  o.eclipse.m2e.core.internal.Bundles - 	Entry: C:\Users\guill\.p2\pool\plugins\org.eclipse.m2e.maven.runtime_3.8.604.20221130-2149\jars\org.eclipse.sisu.inject-0.3.5.jar
2023-05-30 12:14:50,805 [Worker-18: Launching Executing install in C__Users_guill_Desktop_Prueba_proyecto-arso-main_opiniones] INFO  o.eclipse.m2e.core.internal.Bundles - 	Entry: C:\Users\guill\.p2\pool\plugins\org.eclipse.m2e.maven.runtime_3.8.604.20221130-2149\jars\org.eclipse.sisu.plexus-0.3.5.jar
2023-05-30 12:14:50,805 [Worker-18: Launching Executing install in C__Users_guill_Desktop_Prueba_proyecto-arso-main_opiniones] INFO  o.eclipse.m2e.core.internal.Bundles - 	Entry: C:\Users\guill\.p2\pool\plugins\org.eclipse.m2e.maven.runtime_3.8.604.20221130-2149\jars\plexus-build-api-0.0.7.jar
2023-05-30 12:14:50,805 [Worker-18: Launching Executing install in C__Users_guill_Desktop_Prueba_proyecto-arso-main_opiniones] INFO  o.eclipse.m2e.core.internal.Bundles - 	Entry: C:\Users\guill\.p2\pool\plugins\org.eclipse.m2e.maven.runtime_3.8.604.20221130-2149\jars\plexus-cipher-2.0.jar
2023-05-30 12:14:50,805 [Worker-18: Launching Executing install in C__Users_guill_Desktop_Prueba_proyecto-arso-main_opiniones] INFO  o.eclipse.m2e.core.internal.Bundles - 	Entry: C:\Users\guill\.p2\pool\plugins\org.eclipse.m2e.maven.runtime_3.8.604.20221130-2149\jars\plexus-classworlds-2.6.0.jar
2023-05-30 12:14:50,806 [Worker-18: Launching Executing install in C__Users_guill_Desktop_Prueba_proyecto-arso-main_opiniones] INFO  o.eclipse.m2e.core.internal.Bundles - 	Entry: C:\Users\guill\.p2\pool\plugins\org.eclipse.m2e.maven.runtime_3.8.604.20221130-2149\jars\plexus-component-annotations-2.1.0.jar
2023-05-30 12:14:50,806 [Worker-18: Launching Executing install in C__Users_guill_Desktop_Prueba_proyecto-arso-main_opiniones] INFO  o.eclipse.m2e.core.internal.Bundles - 	Entry: C:\Users\guill\.p2\pool\plugins\org.eclipse.m2e.maven.runtime_3.8.604.20221130-2149\jars\plexus-interpolation-1.26.jar
2023-05-30 12:14:50,806 [Worker-18: Launching Executing install in C__Users_guill_Desktop_Prueba_proyecto-arso-main_opiniones] INFO  o.eclipse.m2e.core.internal.Bundles - 	Entry: C:\Users\guill\.p2\pool\plugins\org.eclipse.m2e.maven.runtime_3.8.604.20221130-2149\jars\plexus-sec-dispatcher-2.0.jar
2023-05-30 12:14:50,806 [Worker-18: Launching Executing install in C__Users_guill_Desktop_Prueba_proyecto-arso-main_opiniones] INFO  o.eclipse.m2e.core.internal.Bundles - 	Entry: C:\Users\guill\.p2\pool\plugins\org.eclipse.m2e.maven.runtime_3.8.604.20221130-2149\jars\plexus-utils-3.3.1.jar
2023-05-30 12:14:50,806 [Worker-18: Launching Executing install in C__Users_guill_Desktop_Prueba_proyecto-arso-main_opiniones] INFO  o.eclipse.m2e.core.internal.Bundles - 	Entry: C:\Users\guill\.p2\pool\plugins\org.eclipse.m2e.maven.runtime_3.8.604.20221130-2149\jars\wagon-file-3.5.1.jar
2023-05-30 12:14:50,806 [Worker-18: Launching Executing install in C__Users_guill_Desktop_Prueba_proyecto-arso-main_opiniones] INFO  o.eclipse.m2e.core.internal.Bundles - 	Entry: C:\Users\guill\.p2\pool\plugins\org.eclipse.m2e.maven.runtime_3.8.604.20221130-2149\jars\wagon-provider-api-3.5.1.jar
2023-05-30 12:14:50,807 [Worker-18: Launching Executing install in C__Users_guill_Desktop_Prueba_proyecto-arso-main_opiniones] INFO  o.eclipse.m2e.core.internal.Bundles - getClasspathEntries(Bundle=com.google.guava_30.1.0.v20221112-0806 [8])
2023-05-30 12:14:50,808 [Worker-18: Launching Executing install in C__Users_guill_Desktop_Prueba_proyecto-arso-main_opiniones] INFO  o.eclipse.m2e.core.internal.Bundles - 	Entry: C:\Users\guill\.p2\pool\plugins\com.google.guava_30.1.0.v20221112-0806.jar
2023-05-30 12:14:50,808 [Worker-18: Launching Executing install in C__Users_guill_Desktop_Prueba_proyecto-arso-main_opiniones] INFO  o.eclipse.m2e.core.internal.Bundles - getClasspathEntries(Bundle=slf4j.api_1.7.36 [433])
2023-05-30 12:14:50,809 [Worker-18: Launching Executing install in C__Users_guill_Desktop_Prueba_proyecto-arso-main_opiniones] INFO  o.eclipse.m2e.core.internal.Bundles - 	Entry: C:\Users\guill\.p2\pool\plugins\slf4j.api_1.7.36.jar
2023-05-30 12:14:50,809 [Worker-18: Launching Executing install in C__Users_guill_Desktop_Prueba_proyecto-arso-main_opiniones] INFO  o.eclipse.m2e.core.internal.Bundles - getClasspathEntries(Bundle=javax.inject_1.0.0.v20220405-0441 [18])
2023-05-30 12:14:50,809 [Worker-18: Launching Executing install in C__Users_guill_Desktop_Prueba_proyecto-arso-main_opiniones] INFO  o.eclipse.m2e.core.internal.Bundles - 	Entry: C:\Users\guill\.p2\pool\plugins\javax.inject_1.0.0.v20220405-0441.jar
2023-05-30 12:14:50,809 [Worker-18: Launching Executing install in C__Users_guill_Desktop_Prueba_proyecto-arso-main_opiniones] INFO  o.eclipse.m2e.core.internal.Bundles - getClasspathEntries(Bundle=javax.annotation_1.3.5.v20221112-0806 [16])
2023-05-30 12:14:50,810 [Worker-18: Launching Executing install in C__Users_guill_Desktop_Prueba_proyecto-arso-main_opiniones] INFO  o.eclipse.m2e.core.internal.Bundles - 	Entry: C:\Users\guill\.p2\pool\plugins\javax.annotation_1.3.5.v20221112-0806.jar
2023-05-30 12:14:50,812 [Worker-18: Launching Executing install in C__Users_guill_Desktop_Prueba_proyecto-arso-main_opiniones] INFO  o.e.m.i.launch.MavenLaunchDelegate - Run build in "C:\Users\guill\Desktop\Prueba\proyecto-arso-main\opiniones":
2023-05-30 12:14:50,814 [Worker-18: Launching Executing install in C__Users_guill_Desktop_Prueba_proyecto-arso-main_opiniones] INFO  o.e.m.i.launch.MavenLaunchDelegate -  mvn  -B -Dstyle.color=always install
2023-05-30 12:14:54,637 [Worker-32: Building] INFO  o.e.m.c.i.embedder.EclipseLogger - Using 'UTF-8' encoding to copy filtered resources.
2023-05-30 12:14:54,637 [Worker-32: Building] INFO  o.e.m.c.i.embedder.EclipseLogger - Copying 2 resources
2023-05-30 12:14:54,638 [Worker-32: Building] INFO  o.e.m.c.i.embedder.EclipseLogger - Using 'UTF-8' encoding to copy filtered resources.
2023-05-30 12:14:54,639 [Worker-32: Building] INFO  o.e.m.c.i.embedder.EclipseLogger - skip non existing resourceDirectory C:\Users\guill\Desktop\Prueba\proyecto-arso-main\opiniones\src\test\resources
2023-05-30 12:15:01,286 [main] INFO  o.e.m2e.actions.ExecutePomAction - Creating new launch configuration
2023-05-30 12:15:06,474 [Worker-14: Launching opiniones-graphql] INFO  o.e.m.i.launch.MavenLaunchDelegate - Run build in "C:\Users\guill\Desktop\Prueba\proyecto-arso-main\opiniones-graphql":
2023-05-30 12:15:06,475 [Worker-14: Launching opiniones-graphql] INFO  o.e.m.i.launch.MavenLaunchDelegate -  mvn  -B -Dstyle.color=always jetty:run
2023-05-30 12:25:17,852 [Worker-7: Loading available Gradle versions] INFO  o.e.b.c.i.u.g.PublishedGradleVersions - Gradle version information cache is up-to-date. Trying to read.
2023-06-02 13:34:17,864 [Worker-6: Loading available Gradle versions] INFO  o.e.b.c.i.u.g.PublishedGradleVersions - Gradle version information cache is out-of-date. Trying to update.
2023-06-03 01:23:34,677 [Worker-45: Building] INFO  o.e.m.c.i.embedder.EclipseLogger - Using 'UTF-8' encoding to copy filtered resources.
2023-06-03 01:23:34,741 [Worker-45: Building] INFO  o.e.m.c.i.embedder.EclipseLogger - Copying 2 resources
2023-06-03 01:23:34,769 [Worker-45: Building] INFO  o.e.m.c.i.embedder.EclipseLogger - Using 'UTF-8' encoding to copy filtered resources.
2023-06-03 01:23:34,769 [Worker-45: Building] INFO  o.e.m.c.i.embedder.EclipseLogger - skip non existing resourceDirectory C:\Users\guill\Desktop\Prueba\proyecto-arso-main\opiniones\src\test\resources
2023-06-03 14:47:32,180 [Worker-7: Loading available Gradle versions] INFO  o.e.b.c.i.u.g.PublishedGradleVersions - Gradle version information cache is out-of-date. Trying to update.
2023-06-03 14:47:35,920 [Worker-12: Building] INFO  o.e.m.c.i.embedder.EclipseLogger - Using 'UTF-8' encoding to copy filtered resources.
2023-06-03 14:47:35,923 [Worker-12: Building] INFO  o.e.m.c.i.embedder.EclipseLogger - Copying 2 resources
2023-06-03 14:47:35,938 [Worker-12: Building] INFO  o.e.m.c.i.embedder.EclipseLogger - Using 'UTF-8' encoding to copy filtered resources.
2023-06-03 14:47:35,938 [Worker-12: Building] INFO  o.e.m.c.i.embedder.EclipseLogger - skip non existing resourceDirectory C:\Users\guill\Desktop\Prueba\proyecto-arso-main\opiniones\src\test\resources
2023-06-03 14:47:36,915 [Worker-12: Building] INFO  o.e.m.c.i.p.WorkspaceClassifierResolverManager - Resolving P/opiniones: arso:opiniones:0.0.1-SNAPSHOT with classifier  to /opiniones/target/classes
2023-06-03 14:47:36,977 [Worker-12: Building] INFO  o.e.m.c.i.embedder.EclipseLogger - Using 'UTF-8' encoding to copy filtered resources.
2023-06-03 14:47:36,977 [Worker-12: Building] INFO  o.e.m.c.i.embedder.EclipseLogger - Copying 1 resource
2023-06-03 14:47:36,984 [Worker-12: Building] INFO  o.e.m.c.i.embedder.EclipseLogger - Using 'UTF-8' encoding to copy filtered resources.
2023-06-03 14:47:36,984 [Worker-12: Building] INFO  o.e.m.c.i.embedder.EclipseLogger - skip non existing resourceDirectory C:\Users\guill\Desktop\Prueba\proyecto-arso-main\opiniones-graphql\src\test\resources
2023-06-03 14:47:42,395 [Worker-12: Building] INFO  o.e.m.c.i.embedder.EclipseLogger - Using 'UTF-8' encoding to copy filtered resources.
2023-06-03 14:47:42,396 [Worker-12: Building] INFO  o.e.m.c.i.embedder.EclipseLogger - Copying 1 resource
2023-06-03 14:47:42,407 [Worker-12: Building] INFO  o.e.m.c.i.embedder.EclipseLogger - Copying 0 resource
2023-06-03 14:47:42,409 [Worker-12: Building] INFO  o.e.m.c.i.embedder.EclipseLogger - Using 'UTF-8' encoding to copy filtered resources.
2023-06-03 14:47:42,410 [Worker-12: Building] INFO  o.e.m.c.i.embedder.EclipseLogger - skip non existing resourceDirectory C:\Users\guill\Desktop\Prueba\proyecto-arso-main\pasarela\src\test\resources
2023-06-03 14:47:46,162 [Worker-12: Building] INFO  o.e.m.c.i.embedder.EclipseLogger - Using 'UTF-8' encoding to copy filtered resources.
2023-06-03 14:47:46,163 [Worker-12: Building] INFO  o.e.m.c.i.embedder.EclipseLogger - Copying 2 resources
2023-06-03 14:47:46,173 [Worker-12: Building] INFO  o.e.m.c.i.embedder.EclipseLogger - Using 'UTF-8' encoding to copy filtered resources.
2023-06-03 14:47:46,173 [Worker-12: Building] INFO  o.e.m.c.i.embedder.EclipseLogger - skip non existing resourceDirectory C:\Users\guill\Desktop\Prueba\proyecto-arso-main\restaurantes\src\test\resources
2023-06-03 14:47:47,407 [Worker-12: Building] INFO  o.e.m.c.i.p.WorkspaceClassifierResolverManager - Resolving P/restaurantes: arso:restaurantes:0.0.1-SNAPSHOT with classifier  to /restaurantes/target/classes
2023-06-03 14:47:47,637 [Worker-12: Building] INFO  o.e.m.c.i.embedder.EclipseLogger - Using 'UTF-8' encoding to copy filtered resources.
2023-06-03 14:47:47,637 [Worker-12: Building] INFO  o.e.m.c.i.embedder.EclipseLogger - skip non existing resourceDirectory C:\Users\guill\Desktop\Prueba\proyecto-arso-main\restaurantes-rest\src\main\resources
2023-06-03 14:47:47,639 [Worker-12: Building] INFO  o.e.m.c.i.embedder.EclipseLogger - Using 'UTF-8' encoding to copy filtered resources.
2023-06-03 14:47:47,639 [Worker-12: Building] INFO  o.e.m.c.i.embedder.EclipseLogger - skip non existing resourceDirectory C:\Users\guill\Desktop\Prueba\proyecto-arso-main\restaurantes-rest\src\test\resources
2023-06-03 14:47:48,067 [Worker-12: Building] INFO  o.e.m.c.i.p.WorkspaceClassifierResolverManager - Resolving P/restaurantes: arso:restaurantes:0.0.1-SNAPSHOT with classifier  to /restaurantes/target/classes
2023-06-03 14:47:48,079 [Worker-12: Building] INFO  o.e.m.c.i.embedder.EclipseLogger - Using 'UTF-8' encoding to copy filtered resources.
2023-06-03 14:47:48,080 [Worker-12: Building] INFO  o.e.m.c.i.embedder.EclipseLogger - skip non existing resourceDirectory C:\Users\guill\Desktop\Prueba\proyecto-arso-main\restaurantes-rest-cliente\src\main\resources
2023-06-03 14:47:48,081 [Worker-12: Building] INFO  o.e.m.c.i.embedder.EclipseLogger - Using 'UTF-8' encoding to copy filtered resources.
2023-06-03 14:47:48,081 [Worker-12: Building] INFO  o.e.m.c.i.embedder.EclipseLogger - skip non existing resourceDirectory C:\Users\guill\Desktop\Prueba\proyecto-arso-main\restaurantes-rest-cliente\src\test\resources
2023-06-03 14:51:11,951 [Worker-32: Building] INFO  o.e.m.c.i.embedder.EclipseLogger - Using 'UTF-8' encoding to copy filtered resources.
2023-06-03 14:51:11,953 [Worker-32: Building] INFO  o.e.m.c.i.embedder.EclipseLogger - Copying 1 resource
2023-06-03 14:51:11,954 [Worker-32: Building] INFO  o.e.m.c.i.embedder.EclipseLogger - Copying 0 resource
2023-06-03 14:51:11,956 [Worker-32: Building] INFO  o.e.m.c.i.embedder.EclipseLogger - Using 'UTF-8' encoding to copy filtered resources.
2023-06-03 14:51:11,956 [Worker-32: Building] INFO  o.e.m.c.i.embedder.EclipseLogger - skip non existing resourceDirectory C:\Users\guill\Desktop\Prueba\proyecto-arso-main\pasarela\src\test\resources
2023-06-03 20:18:54,665 [Worker-44: Building] INFO  o.e.m.c.i.embedder.EclipseLogger - Using 'UTF-8' encoding to copy filtered resources.
2023-06-03 20:18:54,666 [Worker-44: Building] INFO  o.e.m.c.i.embedder.EclipseLogger - Copying 1 resource
2023-06-03 20:18:54,667 [Worker-44: Building] INFO  o.e.m.c.i.embedder.EclipseLogger - Copying 0 resource
2023-06-03 20:18:54,668 [Worker-44: Building] INFO  o.e.m.c.i.embedder.EclipseLogger - Using 'UTF-8' encoding to copy filtered resources.
2023-06-03 20:18:54,669 [Worker-44: Building] INFO  o.e.m.c.i.embedder.EclipseLogger - skip non existing resourceDirectory C:\Users\guill\Desktop\Prueba\proyecto-arso-main\pasarela\src\test\resources
2023-06-03 20:19:00,916 [Worker-45: Building] INFO  o.e.m.c.i.embedder.EclipseLogger - Using 'UTF-8' encoding to copy filtered resources.
2023-06-03 20:19:00,916 [Worker-45: Building] INFO  o.e.m.c.i.embedder.EclipseLogger - Copying 1 resource
2023-06-03 20:19:00,917 [Worker-45: Building] INFO  o.e.m.c.i.embedder.EclipseLogger - Copying 0 resource
2023-06-03 20:19:00,920 [Worker-45: Building] INFO  o.e.m.c.i.embedder.EclipseLogger - Using 'UTF-8' encoding to copy filtered resources.
2023-06-03 20:19:00,920 [Worker-45: Building] INFO  o.e.m.c.i.embedder.EclipseLogger - skip non existing resourceDirectory C:\Users\guill\Desktop\Prueba\proyecto-arso-main\pasarela\src\test\resources
2023-06-03 21:20:57,737 [Worker-49: Building] INFO  o.e.m.c.i.embedder.EclipseLogger - Using 'UTF-8' encoding to copy filtered resources.
2023-06-03 21:20:57,737 [Worker-49: Building] INFO  o.e.m.c.i.embedder.EclipseLogger - Copying 1 resource
2023-06-03 21:20:57,741 [Worker-49: Building] INFO  o.e.m.c.i.embedder.EclipseLogger - Copying 0 resource
2023-06-03 21:20:57,743 [Worker-49: Building] INFO  o.e.m.c.i.embedder.EclipseLogger - Using 'UTF-8' encoding to copy filtered resources.
2023-06-03 21:20:57,743 [Worker-49: Building] INFO  o.e.m.c.i.embedder.EclipseLogger - skip non existing resourceDirectory C:\Users\guill\Desktop\Prueba\proyecto-arso-main\pasarela\src\test\resources
2023-06-03 22:02:28,030 [Worker-53: Building] INFO  o.e.m.c.i.embedder.EclipseLogger - Using 'UTF-8' encoding to copy filtered resources.
2023-06-03 22:02:28,031 [Worker-53: Building] INFO  o.e.m.c.i.embedder.EclipseLogger - Copying 1 resource
2023-06-03 22:02:28,032 [Worker-53: Building] INFO  o.e.m.c.i.embedder.EclipseLogger - Copying 0 resource
2023-06-03 22:02:28,034 [Worker-53: Building] INFO  o.e.m.c.i.embedder.EclipseLogger - Using 'UTF-8' encoding to copy filtered resources.
2023-06-03 22:02:28,034 [Worker-53: Building] INFO  o.e.m.c.i.embedder.EclipseLogger - skip non existing resourceDirectory C:\Users\guill\Desktop\Prueba\proyecto-arso-main\pasarela\src\test\resources
2023-06-03 22:06:17,639 [Worker-57: Building] INFO  o.e.m.c.i.embedder.EclipseLogger - Using 'UTF-8' encoding to copy filtered resources.
2023-06-03 22:06:17,639 [Worker-57: Building] INFO  o.e.m.c.i.embedder.EclipseLogger - Copying 1 resource
2023-06-03 22:06:17,640 [Worker-57: Building] INFO  o.e.m.c.i.embedder.EclipseLogger - Copying 0 resource
2023-06-03 22:06:17,642 [Worker-57: Building] INFO  o.e.m.c.i.embedder.EclipseLogger - Using 'UTF-8' encoding to copy filtered resources.
2023-06-03 22:06:17,642 [Worker-57: Building] INFO  o.e.m.c.i.embedder.EclipseLogger - skip non existing resourceDirectory C:\Users\guill\Desktop\Prueba\proyecto-arso-main\pasarela\src\test\resources
2023-06-03 22:08:08,294 [Worker-59: Building] INFO  o.e.m.c.i.embedder.EclipseLogger - Using 'UTF-8' encoding to copy filtered resources.
2023-06-03 22:08:08,295 [Worker-59: Building] INFO  o.e.m.c.i.embedder.EclipseLogger - Copying 1 resource
2023-06-03 22:08:08,296 [Worker-59: Building] INFO  o.e.m.c.i.embedder.EclipseLogger - Copying 0 resource
2023-06-03 22:08:08,298 [Worker-59: Building] INFO  o.e.m.c.i.embedder.EclipseLogger - Using 'UTF-8' encoding to copy filtered resources.
2023-06-03 22:08:08,298 [Worker-59: Building] INFO  o.e.m.c.i.embedder.EclipseLogger - skip non existing resourceDirectory C:\Users\guill\Desktop\Prueba\proyecto-arso-main\pasarela\src\test\resources
2023-06-03 22:13:10,673 [Worker-60: Building] INFO  o.e.m.c.i.embedder.EclipseLogger - Using 'UTF-8' encoding to copy filtered resources.
2023-06-03 22:13:10,675 [Worker-60: Building] INFO  o.e.m.c.i.embedder.EclipseLogger - Copying 2 resources
2023-06-03 22:13:10,677 [Worker-60: Building] INFO  o.e.m.c.i.embedder.EclipseLogger - Using 'UTF-8' encoding to copy filtered resources.
2023-06-03 22:13:10,677 [Worker-60: Building] INFO  o.e.m.c.i.embedder.EclipseLogger - skip non existing resourceDirectory C:\Users\guill\Desktop\Prueba\proyecto-arso-main\restaurantes\src\test\resources
2023-06-03 22:13:46,188 [Worker-62: Building] INFO  o.e.m.c.i.l.LifecycleMappingFactory - Using org.eclipse.m2e.jdt.JarLifecycleMapping lifecycle mapping for MavenProject: arso:usuarios-pasarela:0.0.1-SNAPSHOT @ C:\Users\guill\Desktop\Prueba\proyecto-arso-main\usuarios-pasarela\pom.xml.
2023-06-03 22:13:48,874 [Worker-62: Building] INFO  o.e.m.c.i.l.LifecycleMappingFactory - Using org.eclipse.m2e.jdt.JarLifecycleMapping lifecycle mapping for MavenProject: arso:pasarela-zuul:0.0.1-SNAPSHOT @ C:\Users\guill\Desktop\Prueba\proyecto-arso-main\pasarela\pom.xml.
2023-06-03 22:13:50,731 [Worker-62: Building] INFO  o.e.m.c.i.p.WorkspaceClassifierResolverManager - Resolving P/usuarios-pasarela: arso:usuarios-pasarela:0.0.1-SNAPSHOT with classifier  to /usuarios-pasarela/target/classes
2023-06-03 22:13:51,115 [Worker-62: Building] INFO  o.e.m.c.i.embedder.EclipseLogger - Using 'UTF-8' encoding to copy filtered resources.
2023-06-03 22:13:51,116 [Worker-62: Building] INFO  o.e.m.c.i.embedder.EclipseLogger - Copying 2 resources
2023-06-03 22:13:51,126 [Worker-62: Building] INFO  o.e.m.c.i.embedder.EclipseLogger - Using 'UTF-8' encoding to copy filtered resources.
2023-06-03 22:13:51,126 [Worker-62: Building] INFO  o.e.m.c.i.embedder.EclipseLogger - skip non existing resourceDirectory C:\Users\guill\Desktop\Prueba\proyecto-arso-main\usuarios-pasarela\src\test\resources
2023-06-03 22:13:51,226 [Worker-60: Launching Executing install in C__Users_guill_Desktop_Prueba_proyecto-arso-main_usuarios-pasarela] INFO  o.eclipse.m2e.core.internal.Bundles - getClasspathEntries(Bundle=org.eclipse.m2e.maven.runtime_3.8.604.20221130-2149 [269])
2023-06-03 22:13:51,241 [Worker-60: Launching Executing install in C__Users_guill_Desktop_Prueba_proyecto-arso-main_usuarios-pasarela] INFO  o.eclipse.m2e.core.internal.Bundles - 	Entry: C:\Users\guill\.p2\pool\plugins\org.eclipse.m2e.maven.runtime_3.8.604.20221130-2149
2023-06-03 22:13:51,241 [Worker-60: Launching Executing install in C__Users_guill_Desktop_Prueba_proyecto-arso-main_usuarios-pasarela] INFO  o.eclipse.m2e.core.internal.Bundles - 	Entry: C:\Users\guill\.p2\pool\plugins\org.eclipse.m2e.maven.runtime_3.8.604.20221130-2149\jars\aether-connector-okhttp-0.17.8.jar
2023-06-03 22:13:51,241 [Worker-60: Launching Executing install in C__Users_guill_Desktop_Prueba_proyecto-arso-main_usuarios-pasarela] INFO  o.eclipse.m2e.core.internal.Bundles - 	Entry: C:\Users\guill\.p2\pool\plugins\org.eclipse.m2e.maven.runtime_3.8.604.20221130-2149\jars\commons-cli-1.4.jar
2023-06-03 22:13:51,241 [Worker-60: Launching Executing install in C__Users_guill_Desktop_Prueba_proyecto-arso-main_usuarios-pasarela] INFO  o.eclipse.m2e.core.internal.Bundles - 	Entry: C:\Users\guill\.p2\pool\plugins\org.eclipse.m2e.maven.runtime_3.8.604.20221130-2149\jars\commons-io-2.6.jar
2023-06-03 22:13:51,242 [Worker-60: Launching Executing install in C__Users_guill_Desktop_Prueba_proyecto-arso-main_usuarios-pasarela] INFO  o.eclipse.m2e.core.internal.Bundles - 	Entry: C:\Users\guill\.p2\pool\plugins\org.eclipse.m2e.maven.runtime_3.8.604.20221130-2149\jars\commons-lang3-3.8.1.jar
2023-06-03 22:13:51,242 [Worker-60: Launching Executing install in C__Users_guill_Desktop_Prueba_proyecto-arso-main_usuarios-pasarela] INFO  o.eclipse.m2e.core.internal.Bundles - 	Entry: C:\Users\guill\.p2\pool\plugins\org.eclipse.m2e.maven.runtime_3.8.604.20221130-2149\jars\guice-4.2.2-no_aop.jar
2023-06-03 22:13:51,242 [Worker-60: Launching Executing install in C__Users_guill_Desktop_Prueba_proyecto-arso-main_usuarios-pasarela] INFO  o.eclipse.m2e.core.internal.Bundles - 	Entry: C:\Users\guill\.p2\pool\plugins\org.eclipse.m2e.maven.runtime_3.8.604.20221130-2149\jars\jansi-2.4.0.jar
2023-06-03 22:13:51,242 [Worker-60: Launching Executing install in C__Users_guill_Desktop_Prueba_proyecto-arso-main_usuarios-pasarela] INFO  o.eclipse.m2e.core.internal.Bundles - 	Entry: C:\Users\guill\.p2\pool\plugins\org.eclipse.m2e.maven.runtime_3.8.604.20221130-2149\jars\maven-artifact-3.8.6.jar
2023-06-03 22:13:51,242 [Worker-60: Launching Executing install in C__Users_guill_Desktop_Prueba_proyecto-arso-main_usuarios-pasarela] INFO  o.eclipse.m2e.core.internal.Bundles - 	Entry: C:\Users\guill\.p2\pool\plugins\org.eclipse.m2e.maven.runtime_3.8.604.20221130-2149\jars\maven-builder-support-3.8.6.jar
2023-06-03 22:13:51,243 [Worker-60: Launching Executing install in C__Users_guill_Desktop_Prueba_proyecto-arso-main_usuarios-pasarela] INFO  o.eclipse.m2e.core.internal.Bundles - 	Entry: C:\Users\guill\.p2\pool\plugins\org.eclipse.m2e.maven.runtime_3.8.604.20221130-2149\jars\maven-compat-3.8.6.jar
2023-06-03 22:13:51,243 [Worker-60: Launching Executing install in C__Users_guill_Desktop_Prueba_proyecto-arso-main_usuarios-pasarela] INFO  o.eclipse.m2e.core.internal.Bundles - 	Entry: C:\Users\guill\.p2\pool\plugins\org.eclipse.m2e.maven.runtime_3.8.604.20221130-2149\jars\maven-core-3.8.6.jar
2023-06-03 22:13:51,243 [Worker-60: Launching Executing install in C__Users_guill_Desktop_Prueba_proyecto-arso-main_usuarios-pasarela] INFO  o.eclipse.m2e.core.internal.Bundles - 	Entry: C:\Users\guill\.p2\pool\plugins\org.eclipse.m2e.maven.runtime_3.8.604.20221130-2149\jars\maven-embedder-3.8.6.jar
2023-06-03 22:13:51,243 [Worker-60: Launching Executing install in C__Users_guill_Desktop_Prueba_proyecto-arso-main_usuarios-pasarela] INFO  o.eclipse.m2e.core.internal.Bundles - 	Entry: C:\Users\guill\.p2\pool\plugins\org.eclipse.m2e.maven.runtime_3.8.604.20221130-2149\jars\maven-model-3.8.6.jar
2023-06-03 22:13:51,243 [Worker-60: Launching Executing install in C__Users_guill_Desktop_Prueba_proyecto-arso-main_usuarios-pasarela] INFO  o.eclipse.m2e.core.internal.Bundles - 	Entry: C:\Users\guill\.p2\pool\plugins\org.eclipse.m2e.maven.runtime_3.8.604.20221130-2149\jars\maven-model-builder-3.8.6.jar
2023-06-03 22:13:51,243 [Worker-60: Launching Executing install in C__Users_guill_Desktop_Prueba_proyecto-arso-main_usuarios-pasarela] INFO  o.eclipse.m2e.core.internal.Bundles - 	Entry: C:\Users\guill\.p2\pool\plugins\org.eclipse.m2e.maven.runtime_3.8.604.20221130-2149\jars\maven-plugin-api-3.8.6.jar
2023-06-03 22:13:51,243 [Worker-60: Launching Executing install in C__Users_guill_Desktop_Prueba_proyecto-arso-main_usuarios-pasarela] INFO  o.eclipse.m2e.core.internal.Bundles - 	Entry: C:\Users\guill\.p2\pool\plugins\org.eclipse.m2e.maven.runtime_3.8.604.20221130-2149\jars\maven-repository-metadata-3.8.6.jar
2023-06-03 22:13:51,244 [Worker-60: Launching Executing install in C__Users_guill_Desktop_Prueba_proyecto-arso-main_usuarios-pasarela] INFO  o.eclipse.m2e.core.internal.Bundles - 	Entry: C:\Users\guill\.p2\pool\plugins\org.eclipse.m2e.maven.runtime_3.8.604.20221130-2149\jars\maven-resolver-api-1.6.3.jar
2023-06-03 22:13:51,244 [Worker-60: Launching Executing install in C__Users_guill_Desktop_Prueba_proyecto-arso-main_usuarios-pasarela] INFO  o.eclipse.m2e.core.internal.Bundles - 	Entry: C:\Users\guill\.p2\pool\plugins\org.eclipse.m2e.maven.runtime_3.8.604.20221130-2149\jars\maven-resolver-connector-basic-1.6.3.jar
2023-06-03 22:13:51,244 [Worker-60: Launching Executing install in C__Users_guill_Desktop_Prueba_proyecto-arso-main_usuarios-pasarela] INFO  o.eclipse.m2e.core.internal.Bundles - 	Entry: C:\Users\guill\.p2\pool\plugins\org.eclipse.m2e.maven.runtime_3.8.604.20221130-2149\jars\maven-resolver-impl-1.6.3.jar
2023-06-03 22:13:51,244 [Worker-60: Launching Executing install in C__Users_guill_Desktop_Prueba_proyecto-arso-main_usuarios-pasarela] INFO  o.eclipse.m2e.core.internal.Bundles - 	Entry: C:\Users\guill\.p2\pool\plugins\org.eclipse.m2e.maven.runtime_3.8.604.20221130-2149\jars\maven-resolver-provider-3.8.6.jar
2023-06-03 22:13:51,244 [Worker-60: Launching Executing install in C__Users_guill_Desktop_Prueba_proyecto-arso-main_usuarios-pasarela] INFO  o.eclipse.m2e.core.internal.Bundles - 	Entry: C:\Users\guill\.p2\pool\plugins\org.eclipse.m2e.maven.runtime_3.8.604.20221130-2149\jars\maven-resolver-spi-1.6.3.jar
2023-06-03 22:13:51,244 [Worker-60: Launching Executing install in C__Users_guill_Desktop_Prueba_proyecto-arso-main_usuarios-pasarela] INFO  o.eclipse.m2e.core.internal.Bundles - 	Entry: C:\Users\guill\.p2\pool\plugins\org.eclipse.m2e.maven.runtime_3.8.604.20221130-2149\jars\maven-resolver-transport-wagon-1.6.3.jar
2023-06-03 22:13:51,244 [Worker-60: Launching Executing install in C__Users_guill_Desktop_Prueba_proyecto-arso-main_usuarios-pasarela] INFO  o.eclipse.m2e.core.internal.Bundles - 	Entry: C:\Users\guill\.p2\pool\plugins\org.eclipse.m2e.maven.runtime_3.8.604.20221130-2149\jars\maven-resolver-util-1.6.3.jar
2023-06-03 22:13:51,245 [Worker-60: Launching Executing install in C__Users_guill_Desktop_Prueba_proyecto-arso-main_usuarios-pasarela] INFO  o.eclipse.m2e.core.internal.Bundles - 	Entry: C:\Users\guill\.p2\pool\plugins\org.eclipse.m2e.maven.runtime_3.8.604.20221130-2149\jars\maven-settings-3.8.6.jar
2023-06-03 22:13:51,245 [Worker-60: Launching Executing install in C__Users_guill_Desktop_Prueba_proyecto-arso-main_usuarios-pasarela] INFO  o.eclipse.m2e.core.internal.Bundles - 	Entry: C:\Users\guill\.p2\pool\plugins\org.eclipse.m2e.maven.runtime_3.8.604.20221130-2149\jars\maven-settings-builder-3.8.6.jar
2023-06-03 22:13:51,245 [Worker-60: Launching Executing install in C__Users_guill_Desktop_Prueba_proyecto-arso-main_usuarios-pasarela] INFO  o.eclipse.m2e.core.internal.Bundles - 	Entry: C:\Users\guill\.p2\pool\plugins\org.eclipse.m2e.maven.runtime_3.8.604.20221130-2149\jars\maven-shared-utils-3.3.4.jar
2023-06-03 22:13:51,245 [Worker-60: Launching Executing install in C__Users_guill_Desktop_Prueba_proyecto-arso-main_usuarios-pasarela] INFO  o.eclipse.m2e.core.internal.Bundles - 	Entry: C:\Users\guill\.p2\pool\plugins\org.eclipse.m2e.maven.runtime_3.8.604.20221130-2149\jars\okhttp-3.14.1.jar
2023-06-03 22:13:51,245 [Worker-60: Launching Executing install in C__Users_guill_Desktop_Prueba_proyecto-arso-main_usuarios-pasarela] INFO  o.eclipse.m2e.core.internal.Bundles - 	Entry: C:\Users\guill\.p2\pool\plugins\org.eclipse.m2e.maven.runtime_3.8.604.20221130-2149\jars\okio-1.17.3.jar
2023-06-03 22:13:51,245 [Worker-60: Launching Executing install in C__Users_guill_Desktop_Prueba_proyecto-arso-main_usuarios-pasarela] INFO  o.eclipse.m2e.core.internal.Bundles - 	Entry: C:\Users\guill\.p2\pool\plugins\org.eclipse.m2e.maven.runtime_3.8.604.20221130-2149\jars\org.eclipse.sisu.inject-0.3.5.jar
2023-06-03 22:13:51,245 [Worker-60: Launching Executing install in C__Users_guill_Desktop_Prueba_proyecto-arso-main_usuarios-pasarela] INFO  o.eclipse.m2e.core.internal.Bundles - 	Entry: C:\Users\guill\.p2\pool\plugins\org.eclipse.m2e.maven.runtime_3.8.604.20221130-2149\jars\org.eclipse.sisu.plexus-0.3.5.jar
2023-06-03 22:13:51,246 [Worker-60: Launching Executing install in C__Users_guill_Desktop_Prueba_proyecto-arso-main_usuarios-pasarela] INFO  o.eclipse.m2e.core.internal.Bundles - 	Entry: C:\Users\guill\.p2\pool\plugins\org.eclipse.m2e.maven.runtime_3.8.604.20221130-2149\jars\plexus-build-api-0.0.7.jar
2023-06-03 22:13:51,246 [Worker-60: Launching Executing install in C__Users_guill_Desktop_Prueba_proyecto-arso-main_usuarios-pasarela] INFO  o.eclipse.m2e.core.internal.Bundles - 	Entry: C:\Users\guill\.p2\pool\plugins\org.eclipse.m2e.maven.runtime_3.8.604.20221130-2149\jars\plexus-cipher-2.0.jar
2023-06-03 22:13:51,246 [Worker-60: Launching Executing install in C__Users_guill_Desktop_Prueba_proyecto-arso-main_usuarios-pasarela] INFO  o.eclipse.m2e.core.internal.Bundles - 	Entry: C:\Users\guill\.p2\pool\plugins\org.eclipse.m2e.maven.runtime_3.8.604.20221130-2149\jars\plexus-classworlds-2.6.0.jar
2023-06-03 22:13:51,246 [Worker-60: Launching Executing install in C__Users_guill_Desktop_Prueba_proyecto-arso-main_usuarios-pasarela] INFO  o.eclipse.m2e.core.internal.Bundles - 	Entry: C:\Users\guill\.p2\pool\plugins\org.eclipse.m2e.maven.runtime_3.8.604.20221130-2149\jars\plexus-component-annotations-2.1.0.jar
2023-06-03 22:13:51,246 [Worker-60: Launching Executing install in C__Users_guill_Desktop_Prueba_proyecto-arso-main_usuarios-pasarela] INFO  o.eclipse.m2e.core.internal.Bundles - 	Entry: C:\Users\guill\.p2\pool\plugins\org.eclipse.m2e.maven.runtime_3.8.604.20221130-2149\jars\plexus-interpolation-1.26.jar
2023-06-03 22:13:51,246 [Worker-60: Launching Executing install in C__Users_guill_Desktop_Prueba_proyecto-arso-main_usuarios-pasarela] INFO  o.eclipse.m2e.core.internal.Bundles - 	Entry: C:\Users\guill\.p2\pool\plugins\org.eclipse.m2e.maven.runtime_3.8.604.20221130-2149\jars\plexus-sec-dispatcher-2.0.jar
2023-06-03 22:13:51,246 [Worker-60: Launching Executing install in C__Users_guill_Desktop_Prueba_proyecto-arso-main_usuarios-pasarela] INFO  o.eclipse.m2e.core.internal.Bundles - 	Entry: C:\Users\guill\.p2\pool\plugins\org.eclipse.m2e.maven.runtime_3.8.604.20221130-2149\jars\plexus-utils-3.3.1.jar
2023-06-03 22:13:51,246 [Worker-60: Launching Executing install in C__Users_guill_Desktop_Prueba_proyecto-arso-main_usuarios-pasarela] INFO  o.eclipse.m2e.core.internal.Bundles - 	Entry: C:\Users\guill\.p2\pool\plugins\org.eclipse.m2e.maven.runtime_3.8.604.20221130-2149\jars\wagon-file-3.5.1.jar
2023-06-03 22:13:51,246 [Worker-60: Launching Executing install in C__Users_guill_Desktop_Prueba_proyecto-arso-main_usuarios-pasarela] INFO  o.eclipse.m2e.core.internal.Bundles - 	Entry: C:\Users\guill\.p2\pool\plugins\org.eclipse.m2e.maven.runtime_3.8.604.20221130-2149\jars\wagon-provider-api-3.5.1.jar
2023-06-03 22:13:51,248 [Worker-60: Launching Executing install in C__Users_guill_Desktop_Prueba_proyecto-arso-main_usuarios-pasarela] INFO  o.eclipse.m2e.core.internal.Bundles - getClasspathEntries(Bundle=com.google.guava_30.1.0.v20221112-0806 [8])
2023-06-03 22:13:51,258 [Worker-60: Launching Executing install in C__Users_guill_Desktop_Prueba_proyecto-arso-main_usuarios-pasarela] INFO  o.eclipse.m2e.core.internal.Bundles - 	Entry: C:\Users\guill\.p2\pool\plugins\com.google.guava_30.1.0.v20221112-0806.jar
2023-06-03 22:13:51,259 [Worker-60: Launching Executing install in C__Users_guill_Desktop_Prueba_proyecto-arso-main_usuarios-pasarela] INFO  o.eclipse.m2e.core.internal.Bundles - getClasspathEntries(Bundle=slf4j.api_1.7.36 [433])
2023-06-03 22:13:51,371 [Worker-60: Launching Executing install in C__Users_guill_Desktop_Prueba_proyecto-arso-main_usuarios-pasarela] INFO  o.eclipse.m2e.core.internal.Bundles - 	Entry: C:\Users\guill\.p2\pool\plugins\slf4j.api_1.7.36.jar
2023-06-03 22:13:51,371 [Worker-60: Launching Executing install in C__Users_guill_Desktop_Prueba_proyecto-arso-main_usuarios-pasarela] INFO  o.eclipse.m2e.core.internal.Bundles - getClasspathEntries(Bundle=javax.inject_1.0.0.v20220405-0441 [18])
2023-06-03 22:13:51,372 [Worker-60: Launching Executing install in C__Users_guill_Desktop_Prueba_proyecto-arso-main_usuarios-pasarela] INFO  o.eclipse.m2e.core.internal.Bundles - 	Entry: C:\Users\guill\.p2\pool\plugins\javax.inject_1.0.0.v20220405-0441.jar
2023-06-03 22:13:51,372 [Worker-60: Launching Executing install in C__Users_guill_Desktop_Prueba_proyecto-arso-main_usuarios-pasarela] INFO  o.eclipse.m2e.core.internal.Bundles - getClasspathEntries(Bundle=javax.annotation_1.3.5.v20221112-0806 [16])
2023-06-03 22:13:51,548 [Worker-60: Launching Executing install in C__Users_guill_Desktop_Prueba_proyecto-arso-main_usuarios-pasarela] INFO  o.eclipse.m2e.core.internal.Bundles - 	Entry: C:\Users\guill\.p2\pool\plugins\javax.annotation_1.3.5.v20221112-0806.jar
2023-06-03 22:13:51,550 [Worker-60: Launching Executing install in C__Users_guill_Desktop_Prueba_proyecto-arso-main_usuarios-pasarela] INFO  o.e.m.i.launch.MavenLaunchDelegate - Run build in "C:\Users\guill\Desktop\Prueba\proyecto-arso-main\usuarios-pasarela":
2023-06-03 22:13:51,558 [Worker-60: Launching Executing install in C__Users_guill_Desktop_Prueba_proyecto-arso-main_usuarios-pasarela] INFO  o.e.m.i.launch.MavenLaunchDelegate -  mvn  -B -Dstyle.color=always install
2023-06-03 22:13:52,321 [Worker-64: Building] INFO  o.e.m.c.i.embedder.EclipseLogger - Using 'UTF-8' encoding to copy filtered resources.
2023-06-03 22:13:52,321 [Worker-64: Building] INFO  o.e.m.c.i.embedder.EclipseLogger - Copying 1 resource
2023-06-03 22:13:52,322 [Worker-64: Building] INFO  o.e.m.c.i.embedder.EclipseLogger - Copying 0 resource
2023-06-03 22:13:52,324 [Worker-64: Building] INFO  o.e.m.c.i.embedder.EclipseLogger - Using 'UTF-8' encoding to copy filtered resources.
2023-06-03 22:13:52,324 [Worker-64: Building] INFO  o.e.m.c.i.embedder.EclipseLogger - skip non existing resourceDirectory C:\Users\guill\Desktop\Prueba\proyecto-arso-main\pasarela\src\test\resources
2023-06-03 22:13:52,457 [Worker-64: Building] INFO  o.e.m.c.i.embedder.EclipseLogger - Using 'UTF-8' encoding to copy filtered resources.
2023-06-03 22:13:52,458 [Worker-64: Building] INFO  o.e.m.c.i.embedder.EclipseLogger - Copying 2 resources
2023-06-03 22:13:52,463 [Worker-64: Building] INFO  o.e.m.c.i.embedder.EclipseLogger - Using 'UTF-8' encoding to copy filtered resources.
2023-06-03 22:13:52,463 [Worker-64: Building] INFO  o.e.m.c.i.embedder.EclipseLogger - skip non existing resourceDirectory C:\Users\guill\Desktop\Prueba\proyecto-arso-main\usuarios-pasarela\src\test\resources
2023-06-03 22:13:55,881 [Worker-59: Building] INFO  o.e.m.c.i.embedder.EclipseLogger - Using 'UTF-8' encoding to copy filtered resources.
2023-06-03 22:13:55,881 [Worker-59: Building] INFO  o.e.m.c.i.embedder.EclipseLogger - Copying 2 resources
2023-06-03 22:13:55,883 [Worker-59: Building] INFO  o.e.m.c.i.embedder.EclipseLogger - Using 'UTF-8' encoding to copy filtered resources.
2023-06-03 22:13:55,883 [Worker-59: Building] INFO  o.e.m.c.i.embedder.EclipseLogger - skip non existing resourceDirectory C:\Users\guill\Desktop\Prueba\proyecto-arso-main\usuarios-pasarela\src\test\resources
2023-06-03 22:14:48,150 [Worker-63: Launching PasarelaZuulApplication] INFO  o.e.m.c.i.p.WorkspaceClassifierResolverManager - Resolving P/usuarios-pasarela: arso:usuarios-pasarela:0.0.1-SNAPSHOT with classifier null to /usuarios-pasarela/target/classes
2023-06-03 22:14:48,254 [Worker-63: Launching PasarelaZuulApplication] INFO  o.e.m.c.i.p.WorkspaceClassifierResolverManager - Resolving P/usuarios-pasarela: arso:usuarios-pasarela:0.0.1-SNAPSHOT with classifier null to /usuarios-pasarela/target/classes
2023-06-03 22:14:48,347 [Worker-63: Launching PasarelaZuulApplication] INFO  o.e.m.c.i.p.WorkspaceClassifierResolverManager - Resolving P/usuarios-pasarela: arso:usuarios-pasarela:0.0.1-SNAPSHOT with classifier null to /usuarios-pasarela/target/classes
2023-06-04 18:50:23,893 [Worker-7: Loading available Gradle versions] INFO  o.e.b.c.i.u.g.PublishedGradleVersions - Gradle version information cache is out-of-date. Trying to update.
2023-06-05 01:14:06,314 [Worker-6: Loading available Gradle versions] INFO  o.e.b.c.i.u.g.PublishedGradleVersions - Gradle version information cache is up-to-date. Trying to read.
2023-06-05 01:15:05,933 [Worker-24: Launching Executing install in C__Users_guill_Desktop_Prueba_proyecto-arso-main_opiniones] INFO  o.eclipse.m2e.core.internal.Bundles - getClasspathEntries(Bundle=org.eclipse.m2e.maven.runtime_3.8.604.20221130-2149 [269])
2023-06-05 01:15:05,941 [Worker-24: Launching Executing install in C__Users_guill_Desktop_Prueba_proyecto-arso-main_opiniones] INFO  o.eclipse.m2e.core.internal.Bundles - 	Entry: C:\Users\guill\.p2\pool\plugins\org.eclipse.m2e.maven.runtime_3.8.604.20221130-2149
2023-06-05 01:15:05,942 [Worker-24: Launching Executing install in C__Users_guill_Desktop_Prueba_proyecto-arso-main_opiniones] INFO  o.eclipse.m2e.core.internal.Bundles - 	Entry: C:\Users\guill\.p2\pool\plugins\org.eclipse.m2e.maven.runtime_3.8.604.20221130-2149\jars\aether-connector-okhttp-0.17.8.jar
2023-06-05 01:15:05,942 [Worker-24: Launching Executing install in C__Users_guill_Desktop_Prueba_proyecto-arso-main_opiniones] INFO  o.eclipse.m2e.core.internal.Bundles - 	Entry: C:\Users\guill\.p2\pool\plugins\org.eclipse.m2e.maven.runtime_3.8.604.20221130-2149\jars\commons-cli-1.4.jar
2023-06-05 01:15:05,942 [Worker-24: Launching Executing install in C__Users_guill_Desktop_Prueba_proyecto-arso-main_opiniones] INFO  o.eclipse.m2e.core.internal.Bundles - 	Entry: C:\Users\guill\.p2\pool\plugins\org.eclipse.m2e.maven.runtime_3.8.604.20221130-2149\jars\commons-io-2.6.jar
2023-06-05 01:15:05,942 [Worker-24: Launching Executing install in C__Users_guill_Desktop_Prueba_proyecto-arso-main_opiniones] INFO  o.eclipse.m2e.core.internal.Bundles - 	Entry: C:\Users\guill\.p2\pool\plugins\org.eclipse.m2e.maven.runtime_3.8.604.20221130-2149\jars\commons-lang3-3.8.1.jar
2023-06-05 01:15:05,942 [Worker-24: Launching Executing install in C__Users_guill_Desktop_Prueba_proyecto-arso-main_opiniones] INFO  o.eclipse.m2e.core.internal.Bundles - 	Entry: C:\Users\guill\.p2\pool\plugins\org.eclipse.m2e.maven.runtime_3.8.604.20221130-2149\jars\guice-4.2.2-no_aop.jar
2023-06-05 01:15:05,942 [Worker-24: Launching Executing install in C__Users_guill_Desktop_Prueba_proyecto-arso-main_opiniones] INFO  o.eclipse.m2e.core.internal.Bundles - 	Entry: C:\Users\guill\.p2\pool\plugins\org.eclipse.m2e.maven.runtime_3.8.604.20221130-2149\jars\jansi-2.4.0.jar
2023-06-05 01:15:05,943 [Worker-24: Launching Executing install in C__Users_guill_Desktop_Prueba_proyecto-arso-main_opiniones] INFO  o.eclipse.m2e.core.internal.Bundles - 	Entry: C:\Users\guill\.p2\pool\plugins\org.eclipse.m2e.maven.runtime_3.8.604.20221130-2149\jars\maven-artifact-3.8.6.jar
2023-06-05 01:15:05,943 [Worker-24: Launching Executing install in C__Users_guill_Desktop_Prueba_proyecto-arso-main_opiniones] INFO  o.eclipse.m2e.core.internal.Bundles - 	Entry: C:\Users\guill\.p2\pool\plugins\org.eclipse.m2e.maven.runtime_3.8.604.20221130-2149\jars\maven-builder-support-3.8.6.jar
2023-06-05 01:15:05,943 [Worker-24: Launching Executing install in C__Users_guill_Desktop_Prueba_proyecto-arso-main_opiniones] INFO  o.eclipse.m2e.core.internal.Bundles - 	Entry: C:\Users\guill\.p2\pool\plugins\org.eclipse.m2e.maven.runtime_3.8.604.20221130-2149\jars\maven-compat-3.8.6.jar
2023-06-05 01:15:05,943 [Worker-24: Launching Executing install in C__Users_guill_Desktop_Prueba_proyecto-arso-main_opiniones] INFO  o.eclipse.m2e.core.internal.Bundles - 	Entry: C:\Users\guill\.p2\pool\plugins\org.eclipse.m2e.maven.runtime_3.8.604.20221130-2149\jars\maven-core-3.8.6.jar
2023-06-05 01:15:05,943 [Worker-24: Launching Executing install in C__Users_guill_Desktop_Prueba_proyecto-arso-main_opiniones] INFO  o.eclipse.m2e.core.internal.Bundles - 	Entry: C:\Users\guill\.p2\pool\plugins\org.eclipse.m2e.maven.runtime_3.8.604.20221130-2149\jars\maven-embedder-3.8.6.jar
2023-06-05 01:15:05,943 [Worker-24: Launching Executing install in C__Users_guill_Desktop_Prueba_proyecto-arso-main_opiniones] INFO  o.eclipse.m2e.core.internal.Bundles - 	Entry: C:\Users\guill\.p2\pool\plugins\org.eclipse.m2e.maven.runtime_3.8.604.20221130-2149\jars\maven-model-3.8.6.jar
2023-06-05 01:15:05,943 [Worker-24: Launching Executing install in C__Users_guill_Desktop_Prueba_proyecto-arso-main_opiniones] INFO  o.eclipse.m2e.core.internal.Bundles - 	Entry: C:\Users\guill\.p2\pool\plugins\org.eclipse.m2e.maven.runtime_3.8.604.20221130-2149\jars\maven-model-builder-3.8.6.jar
2023-06-05 01:15:05,943 [Worker-24: Launching Executing install in C__Users_guill_Desktop_Prueba_proyecto-arso-main_opiniones] INFO  o.eclipse.m2e.core.internal.Bundles - 	Entry: C:\Users\guill\.p2\pool\plugins\org.eclipse.m2e.maven.runtime_3.8.604.20221130-2149\jars\maven-plugin-api-3.8.6.jar
2023-06-05 01:15:05,944 [Worker-24: Launching Executing install in C__Users_guill_Desktop_Prueba_proyecto-arso-main_opiniones] INFO  o.eclipse.m2e.core.internal.Bundles - 	Entry: C:\Users\guill\.p2\pool\plugins\org.eclipse.m2e.maven.runtime_3.8.604.20221130-2149\jars\maven-repository-metadata-3.8.6.jar
2023-06-05 01:15:05,944 [Worker-24: Launching Executing install in C__Users_guill_Desktop_Prueba_proyecto-arso-main_opiniones] INFO  o.eclipse.m2e.core.internal.Bundles - 	Entry: C:\Users\guill\.p2\pool\plugins\org.eclipse.m2e.maven.runtime_3.8.604.20221130-2149\jars\maven-resolver-api-1.6.3.jar
2023-06-05 01:15:05,944 [Worker-24: Launching Executing install in C__Users_guill_Desktop_Prueba_proyecto-arso-main_opiniones] INFO  o.eclipse.m2e.core.internal.Bundles - 	Entry: C:\Users\guill\.p2\pool\plugins\org.eclipse.m2e.maven.runtime_3.8.604.20221130-2149\jars\maven-resolver-connector-basic-1.6.3.jar
2023-06-05 01:15:05,944 [Worker-24: Launching Executing install in C__Users_guill_Desktop_Prueba_proyecto-arso-main_opiniones] INFO  o.eclipse.m2e.core.internal.Bundles - 	Entry: C:\Users\guill\.p2\pool\plugins\org.eclipse.m2e.maven.runtime_3.8.604.20221130-2149\jars\maven-resolver-impl-1.6.3.jar
2023-06-05 01:15:05,944 [Worker-24: Launching Executing install in C__Users_guill_Desktop_Prueba_proyecto-arso-main_opiniones] INFO  o.eclipse.m2e.core.internal.Bundles - 	Entry: C:\Users\guill\.p2\pool\plugins\org.eclipse.m2e.maven.runtime_3.8.604.20221130-2149\jars\maven-resolver-provider-3.8.6.jar
2023-06-05 01:15:05,944 [Worker-24: Launching Executing install in C__Users_guill_Desktop_Prueba_proyecto-arso-main_opiniones] INFO  o.eclipse.m2e.core.internal.Bundles - 	Entry: C:\Users\guill\.p2\pool\plugins\org.eclipse.m2e.maven.runtime_3.8.604.20221130-2149\jars\maven-resolver-spi-1.6.3.jar
2023-06-05 01:15:05,944 [Worker-24: Launching Executing install in C__Users_guill_Desktop_Prueba_proyecto-arso-main_opiniones] INFO  o.eclipse.m2e.core.internal.Bundles - 	Entry: C:\Users\guill\.p2\pool\plugins\org.eclipse.m2e.maven.runtime_3.8.604.20221130-2149\jars\maven-resolver-transport-wagon-1.6.3.jar
2023-06-05 01:15:05,944 [Worker-24: Launching Executing install in C__Users_guill_Desktop_Prueba_proyecto-arso-main_opiniones] INFO  o.eclipse.m2e.core.internal.Bundles - 	Entry: C:\Users\guill\.p2\pool\plugins\org.eclipse.m2e.maven.runtime_3.8.604.20221130-2149\jars\maven-resolver-util-1.6.3.jar
2023-06-05 01:15:05,945 [Worker-24: Launching Executing install in C__Users_guill_Desktop_Prueba_proyecto-arso-main_opiniones] INFO  o.eclipse.m2e.core.internal.Bundles - 	Entry: C:\Users\guill\.p2\pool\plugins\org.eclipse.m2e.maven.runtime_3.8.604.20221130-2149\jars\maven-settings-3.8.6.jar
2023-06-05 01:15:05,945 [Worker-24: Launching Executing install in C__Users_guill_Desktop_Prueba_proyecto-arso-main_opiniones] INFO  o.eclipse.m2e.core.internal.Bundles - 	Entry: C:\Users\guill\.p2\pool\plugins\org.eclipse.m2e.maven.runtime_3.8.604.20221130-2149\jars\maven-settings-builder-3.8.6.jar
2023-06-05 01:15:05,945 [Worker-24: Launching Executing install in C__Users_guill_Desktop_Prueba_proyecto-arso-main_opiniones] INFO  o.eclipse.m2e.core.internal.Bundles - 	Entry: C:\Users\guill\.p2\pool\plugins\org.eclipse.m2e.maven.runtime_3.8.604.20221130-2149\jars\maven-shared-utils-3.3.4.jar
2023-06-05 01:15:05,945 [Worker-24: Launching Executing install in C__Users_guill_Desktop_Prueba_proyecto-arso-main_opiniones] INFO  o.eclipse.m2e.core.internal.Bundles - 	Entry: C:\Users\guill\.p2\pool\plugins\org.eclipse.m2e.maven.runtime_3.8.604.20221130-2149\jars\okhttp-3.14.1.jar
2023-06-05 01:15:05,945 [Worker-24: Launching Executing install in C__Users_guill_Desktop_Prueba_proyecto-arso-main_opiniones] INFO  o.eclipse.m2e.core.internal.Bundles - 	Entry: C:\Users\guill\.p2\pool\plugins\org.eclipse.m2e.maven.runtime_3.8.604.20221130-2149\jars\okio-1.17.3.jar
2023-06-05 01:15:05,945 [Worker-24: Launching Executing install in C__Users_guill_Desktop_Prueba_proyecto-arso-main_opiniones] INFO  o.eclipse.m2e.core.internal.Bundles - 	Entry: C:\Users\guill\.p2\pool\plugins\org.eclipse.m2e.maven.runtime_3.8.604.20221130-2149\jars\org.eclipse.sisu.inject-0.3.5.jar
2023-06-05 01:15:05,945 [Worker-24: Launching Executing install in C__Users_guill_Desktop_Prueba_proyecto-arso-main_opiniones] INFO  o.eclipse.m2e.core.internal.Bundles - 	Entry: C:\Users\guill\.p2\pool\plugins\org.eclipse.m2e.maven.runtime_3.8.604.20221130-2149\jars\org.eclipse.sisu.plexus-0.3.5.jar
2023-06-05 01:15:05,945 [Worker-24: Launching Executing install in C__Users_guill_Desktop_Prueba_proyecto-arso-main_opiniones] INFO  o.eclipse.m2e.core.internal.Bundles - 	Entry: C:\Users\guill\.p2\pool\plugins\org.eclipse.m2e.maven.runtime_3.8.604.20221130-2149\jars\plexus-build-api-0.0.7.jar
2023-06-05 01:15:05,945 [Worker-24: Launching Executing install in C__Users_guill_Desktop_Prueba_proyecto-arso-main_opiniones] INFO  o.eclipse.m2e.core.internal.Bundles - 	Entry: C:\Users\guill\.p2\pool\plugins\org.eclipse.m2e.maven.runtime_3.8.604.20221130-2149\jars\plexus-cipher-2.0.jar
2023-06-05 01:15:05,946 [Worker-24: Launching Executing install in C__Users_guill_Desktop_Prueba_proyecto-arso-main_opiniones] INFO  o.eclipse.m2e.core.internal.Bundles - 	Entry: C:\Users\guill\.p2\pool\plugins\org.eclipse.m2e.maven.runtime_3.8.604.20221130-2149\jars\plexus-classworlds-2.6.0.jar
2023-06-05 01:15:05,946 [Worker-24: Launching Executing install in C__Users_guill_Desktop_Prueba_proyecto-arso-main_opiniones] INFO  o.eclipse.m2e.core.internal.Bundles - 	Entry: C:\Users\guill\.p2\pool\plugins\org.eclipse.m2e.maven.runtime_3.8.604.20221130-2149\jars\plexus-component-annotations-2.1.0.jar
2023-06-05 01:15:05,946 [Worker-24: Launching Executing install in C__Users_guill_Desktop_Prueba_proyecto-arso-main_opiniones] INFO  o.eclipse.m2e.core.internal.Bundles - 	Entry: C:\Users\guill\.p2\pool\plugins\org.eclipse.m2e.maven.runtime_3.8.604.20221130-2149\jars\plexus-interpolation-1.26.jar
2023-06-05 01:15:05,946 [Worker-24: Launching Executing install in C__Users_guill_Desktop_Prueba_proyecto-arso-main_opiniones] INFO  o.eclipse.m2e.core.internal.Bundles - 	Entry: C:\Users\guill\.p2\pool\plugins\org.eclipse.m2e.maven.runtime_3.8.604.20221130-2149\jars\plexus-sec-dispatcher-2.0.jar
2023-06-05 01:15:05,946 [Worker-24: Launching Executing install in C__Users_guill_Desktop_Prueba_proyecto-arso-main_opiniones] INFO  o.eclipse.m2e.core.internal.Bundles - 	Entry: C:\Users\guill\.p2\pool\plugins\org.eclipse.m2e.maven.runtime_3.8.604.20221130-2149\jars\plexus-utils-3.3.1.jar
2023-06-05 01:15:05,946 [Worker-24: Launching Executing install in C__Users_guill_Desktop_Prueba_proyecto-arso-main_opiniones] INFO  o.eclipse.m2e.core.internal.Bundles - 	Entry: C:\Users\guill\.p2\pool\plugins\org.eclipse.m2e.maven.runtime_3.8.604.20221130-2149\jars\wagon-file-3.5.1.jar
2023-06-05 01:15:05,946 [Worker-24: Launching Executing install in C__Users_guill_Desktop_Prueba_proyecto-arso-main_opiniones] INFO  o.eclipse.m2e.core.internal.Bundles - 	Entry: C:\Users\guill\.p2\pool\plugins\org.eclipse.m2e.maven.runtime_3.8.604.20221130-2149\jars\wagon-provider-api-3.5.1.jar
2023-06-05 01:15:05,948 [Worker-24: Launching Executing install in C__Users_guill_Desktop_Prueba_proyecto-arso-main_opiniones] INFO  o.eclipse.m2e.core.internal.Bundles - getClasspathEntries(Bundle=com.google.guava_30.1.0.v20221112-0806 [8])
2023-06-05 01:15:05,949 [Worker-24: Launching Executing install in C__Users_guill_Desktop_Prueba_proyecto-arso-main_opiniones] INFO  o.eclipse.m2e.core.internal.Bundles - 	Entry: C:\Users\guill\.p2\pool\plugins\com.google.guava_30.1.0.v20221112-0806.jar
2023-06-05 01:15:05,949 [Worker-24: Launching Executing install in C__Users_guill_Desktop_Prueba_proyecto-arso-main_opiniones] INFO  o.eclipse.m2e.core.internal.Bundles - getClasspathEntries(Bundle=slf4j.api_1.7.36 [433])
2023-06-05 01:15:05,949 [Worker-24: Launching Executing install in C__Users_guill_Desktop_Prueba_proyecto-arso-main_opiniones] INFO  o.eclipse.m2e.core.internal.Bundles - 	Entry: C:\Users\guill\.p2\pool\plugins\slf4j.api_1.7.36.jar
2023-06-05 01:15:05,949 [Worker-24: Launching Executing install in C__Users_guill_Desktop_Prueba_proyecto-arso-main_opiniones] INFO  o.eclipse.m2e.core.internal.Bundles - getClasspathEntries(Bundle=javax.inject_1.0.0.v20220405-0441 [18])
2023-06-05 01:15:05,950 [Worker-24: Launching Executing install in C__Users_guill_Desktop_Prueba_proyecto-arso-main_opiniones] INFO  o.eclipse.m2e.core.internal.Bundles - 	Entry: C:\Users\guill\.p2\pool\plugins\javax.inject_1.0.0.v20220405-0441.jar
2023-06-05 01:15:05,950 [Worker-24: Launching Executing install in C__Users_guill_Desktop_Prueba_proyecto-arso-main_opiniones] INFO  o.eclipse.m2e.core.internal.Bundles - getClasspathEntries(Bundle=javax.annotation_1.3.5.v20221112-0806 [16])
2023-06-05 01:15:05,951 [Worker-24: Launching Executing install in C__Users_guill_Desktop_Prueba_proyecto-arso-main_opiniones] INFO  o.eclipse.m2e.core.internal.Bundles - 	Entry: C:\Users\guill\.p2\pool\plugins\javax.annotation_1.3.5.v20221112-0806.jar
2023-06-05 01:15:05,953 [Worker-24: Launching Executing install in C__Users_guill_Desktop_Prueba_proyecto-arso-main_opiniones] INFO  o.e.m.i.launch.MavenLaunchDelegate - Run build in "C:\Users\guill\Desktop\Prueba\proyecto-arso-main\opiniones":
2023-06-05 01:15:05,955 [Worker-24: Launching Executing install in C__Users_guill_Desktop_Prueba_proyecto-arso-main_opiniones] INFO  o.e.m.i.launch.MavenLaunchDelegate -  mvn  -B -Dstyle.color=always install
2023-06-05 01:15:12,207 [Worker-2: Building] INFO  o.e.m.c.i.embedder.EclipseLogger - Using 'UTF-8' encoding to copy filtered resources.
2023-06-05 01:15:12,209 [Worker-2: Building] INFO  o.e.m.c.i.embedder.EclipseLogger - Copying 2 resources
2023-06-05 01:15:12,218 [Worker-2: Building] INFO  o.e.m.c.i.embedder.EclipseLogger - Using 'UTF-8' encoding to copy filtered resources.
2023-06-05 01:15:12,218 [Worker-2: Building] INFO  o.e.m.c.i.embedder.EclipseLogger - skip non existing resourceDirectory C:\Users\guill\Desktop\Prueba\proyecto-arso-main\opiniones\src\test\resources
2023-06-05 01:15:12,898 [Worker-2: Building] INFO  o.e.m.c.i.p.WorkspaceClassifierResolverManager - Resolving P/opiniones: arso:opiniones:0.0.1-SNAPSHOT with classifier  to /opiniones/target/classes
2023-06-05 01:15:12,959 [Worker-2: Building] INFO  o.e.m.c.i.embedder.EclipseLogger - Using 'UTF-8' encoding to copy filtered resources.
2023-06-05 01:15:12,959 [Worker-2: Building] INFO  o.e.m.c.i.embedder.EclipseLogger - Copying 1 resource
2023-06-05 01:15:12,961 [Worker-2: Building] INFO  o.e.m.c.i.embedder.EclipseLogger - Using 'UTF-8' encoding to copy filtered resources.
2023-06-05 01:15:12,962 [Worker-2: Building] INFO  o.e.m.c.i.embedder.EclipseLogger - skip non existing resourceDirectory C:\Users\guill\Desktop\Prueba\proyecto-arso-main\opiniones-graphql\src\test\resources
2023-06-05 01:15:14,063 [Worker-2: Building] INFO  o.e.m.c.i.embedder.EclipseLogger - Using 'UTF-8' encoding to copy filtered resources.
2023-06-05 01:15:14,064 [Worker-2: Building] INFO  o.e.m.c.i.embedder.EclipseLogger - Copying 2 resources
2023-06-05 01:15:14,076 [Worker-2: Building] INFO  o.e.m.c.i.embedder.EclipseLogger - Using 'UTF-8' encoding to copy filtered resources.
2023-06-05 01:15:14,076 [Worker-2: Building] INFO  o.e.m.c.i.embedder.EclipseLogger - skip non existing resourceDirectory C:\Users\guill\Desktop\Prueba\proyecto-arso-main\restaurantes\src\test\resources
2023-06-05 01:15:14,870 [Worker-2: Building] INFO  o.e.m.c.i.p.WorkspaceClassifierResolverManager - Resolving P/restaurantes: arso:restaurantes:0.0.1-SNAPSHOT with classifier  to /restaurantes/target/classes
2023-06-05 01:15:15,676 [Worker-2: Building] INFO  o.e.m.c.i.embedder.EclipseLogger - Using 'UTF-8' encoding to copy filtered resources.
2023-06-05 01:15:15,677 [Worker-2: Building] INFO  o.e.m.c.i.embedder.EclipseLogger - skip non existing resourceDirectory C:\Users\guill\Desktop\Prueba\proyecto-arso-main\restaurantes-rest\src\main\resources
2023-06-05 01:15:15,678 [Worker-2: Building] INFO  o.e.m.c.i.embedder.EclipseLogger - Using 'UTF-8' encoding to copy filtered resources.
2023-06-05 01:15:15,679 [Worker-2: Building] INFO  o.e.m.c.i.embedder.EclipseLogger - skip non existing resourceDirectory C:\Users\guill\Desktop\Prueba\proyecto-arso-main\restaurantes-rest\src\test\resources
2023-06-05 01:15:16,179 [Worker-2: Building] INFO  o.e.m.c.i.p.WorkspaceClassifierResolverManager - Resolving P/restaurantes: arso:restaurantes:0.0.1-SNAPSHOT with classifier  to /restaurantes/target/classes
2023-06-05 01:15:16,191 [Worker-2: Building] INFO  o.e.m.c.i.embedder.EclipseLogger - Using 'UTF-8' encoding to copy filtered resources.
2023-06-05 01:15:16,191 [Worker-2: Building] INFO  o.e.m.c.i.embedder.EclipseLogger - skip non existing resourceDirectory C:\Users\guill\Desktop\Prueba\proyecto-arso-main\restaurantes-rest-cliente\src\main\resources
2023-06-05 01:15:16,192 [Worker-2: Building] INFO  o.e.m.c.i.embedder.EclipseLogger - Using 'UTF-8' encoding to copy filtered resources.
2023-06-05 01:15:16,192 [Worker-2: Building] INFO  o.e.m.c.i.embedder.EclipseLogger - skip non existing resourceDirectory C:\Users\guill\Desktop\Prueba\proyecto-arso-main\restaurantes-rest-cliente\src\test\resources
2023-06-05 01:15:16,325 [Worker-2: Building] INFO  o.e.m.c.i.embedder.EclipseLogger - Using 'UTF-8' encoding to copy filtered resources.
2023-06-05 01:15:16,325 [Worker-2: Building] INFO  o.e.m.c.i.embedder.EclipseLogger - Copying 2 resources
2023-06-05 01:15:16,336 [Worker-2: Building] INFO  o.e.m.c.i.embedder.EclipseLogger - Using 'UTF-8' encoding to copy filtered resources.
2023-06-05 01:15:16,337 [Worker-2: Building] INFO  o.e.m.c.i.embedder.EclipseLogger - skip non existing resourceDirectory C:\Users\guill\Desktop\Prueba\proyecto-arso-main\usuarios-pasarela\src\test\resources
2023-06-05 01:15:19,795 [Worker-2: Building] INFO  o.e.m.c.i.p.WorkspaceClassifierResolverManager - Resolving P/usuarios-pasarela: arso:usuarios-pasarela:0.0.1-SNAPSHOT with classifier  to /usuarios-pasarela/target/classes
2023-06-05 01:15:20,146 [Worker-2: Building] INFO  o.e.m.c.i.embedder.EclipseLogger - Using 'UTF-8' encoding to copy filtered resources.
2023-06-05 01:15:20,147 [Worker-2: Building] INFO  o.e.m.c.i.embedder.EclipseLogger - Copying 1 resource
2023-06-05 01:15:20,159 [Worker-2: Building] INFO  o.e.m.c.i.embedder.EclipseLogger - Copying 0 resource
2023-06-05 01:15:20,161 [Worker-2: Building] INFO  o.e.m.c.i.embedder.EclipseLogger - Using 'UTF-8' encoding to copy filtered resources.
2023-06-05 01:15:20,162 [Worker-2: Building] INFO  o.e.m.c.i.embedder.EclipseLogger - skip non existing resourceDirectory C:\Users\guill\Desktop\Prueba\proyecto-arso-main\pasarela\src\test\resources
2023-06-05 01:15:38,770 [Worker-22: Launching PredictionMode.AltAndContextMap] INFO  o.e.m.c.i.p.WorkspaceClassifierResolverManager - Resolving P/opiniones: arso:opiniones:0.0.1-SNAPSHOT with classifier null to /opiniones/target/classes
2023-06-05 01:15:38,802 [Worker-22: Launching PredictionMode.AltAndContextMap] INFO  o.e.m.c.i.p.WorkspaceClassifierResolverManager - Resolving P/opiniones: arso:opiniones:0.0.1-SNAPSHOT with classifier null to /opiniones/target/classes
2023-06-05 01:15:38,831 [Worker-22: Launching PredictionMode.AltAndContextMap] INFO  o.e.m.c.i.p.WorkspaceClassifierResolverManager - Resolving P/opiniones: arso:opiniones:0.0.1-SNAPSHOT with classifier null to /opiniones/target/classes
